2017-04-14 13:10:20,396 Instabot Started
2017-04-14 13:18:47,910 Instabot Started
2017-04-14 13:18:49,017 Login success as alexm.shots!
2017-04-14 13:19:04,258 Stats saved at 2017-04-14 13:19:04.257722.
2017-04-14 13:20:29,669 Instabot Started
2017-04-14 13:20:31,709 Login success as alexm.shots!
2017-04-14 13:20:34,183 Stats saved at 2017-04-14 13:20:34.180099.
2017-04-14 13:32:35,110 Instabot Started
2017-04-14 13:32:36,360 Login success as ohrana228!
2017-04-14 13:33:00,700 Stats saved at 2017-04-14 13:33:00.699683.
2017-04-14 13:34:00,506 Recieved 18 medias.
2017-04-14 13:34:00,512 After filtration 1 medias left.
2017-04-15 01:21:37,663 Instabot Started
2017-04-15 01:21:38,954 Login success as ohrana228!
2017-04-15 01:21:40,306 Stats saved at 2017-04-15 01:21:40.298144.
2017-04-15 02:10:19,503 Instabot Started
2017-04-15 02:24:18,806 Instabot Started
2017-04-15 02:24:42,411 Instabot Started
2017-04-15 02:25:12,521 Instabot Started
2017-04-15 02:25:13,635 Login success as ohrana228!
2017-04-15 02:25:15,431 Bot stopped. Worked: 0:00:02.910164
2017-04-15 02:25:15,431 Total requests: 5
2017-04-15 02:25:44,211 Instabot Started
2017-04-15 02:25:45,253 Login success as ohrana228!
2017-04-15 02:25:53,417 Bot stopped. Worked: 0:00:40.896033
2017-04-15 02:25:53,417 Total requests: 25
2017-04-15 02:26:45,379 Instabot Started
2017-04-15 02:26:46,464 Login success as ohrana228!
2017-04-15 02:26:54,435 Bot stopped. Worked: 0:01:41.914289
2017-04-15 02:26:54,435 Total requests: 45
2017-04-15 02:30:38,327 Instabot Started
2017-04-15 02:30:39,495 Login success as ohrana228!
2017-04-15 02:30:47,417 Bot stopped. Worked: 0:05:34.895630
2017-04-15 02:30:47,417 Total requests: 65
2017-04-15 02:31:57,184 Instabot Started
2017-04-15 02:31:58,245 Login success as ohrana228!
2017-04-15 02:32:06,315 Bot stopped. Worked: 0:06:53.794012
2017-04-15 02:32:06,315 Total requests: 85
2017-04-15 02:35:56,848 Instabot Started
2017-04-15 02:35:57,974 Login success as ohrana228!
2017-04-15 02:36:14,514 Bot stopped. Worked: 0:11:01.993205
2017-04-15 02:36:14,514 Total requests: 105
2017-04-15 02:37:27,133 Instabot Started
2017-04-15 02:37:28,288 Login success as ohrana228!
2017-04-15 02:37:43,654 Bot stopped. Worked: 0:12:31.133400
2017-04-15 02:37:43,654 Total requests: 125
