2017-04-16 20:17:08,273 Instabot Started
2017-04-16 20:17:08,304 Starting new HTTPS connection (1): i.instagram.com
2017-04-16 20:17:08,755 Resetting dropped connection: i.instagram.com
2017-04-16 20:17:09,386 Login success as ohrana228!
2017-04-16 20:17:09,390 Resetting dropped connection: i.instagram.com
2017-04-16 20:17:09,725 Bot stopped. Worked: 0:00:01.451391
2017-04-16 20:17:09,725 Total requests: 3
2017-04-16 20:25:32,567 Instabot Started
2017-04-16 20:25:32,598 Starting new HTTPS connection (1): i.instagram.com
2017-04-16 20:25:33,000 Resetting dropped connection: i.instagram.com
2017-04-16 20:25:33,598 Login success as ohrana228!
2017-04-16 20:25:33,602 Resetting dropped connection: i.instagram.com
2017-04-16 20:25:33,939 Bot stopped. Worked: 0:08:25.666048
2017-04-16 20:25:33,940 Total requests: 3
2017-04-16 20:25:49,279 Instabot Started
2017-04-16 20:25:49,304 Starting new HTTPS connection (1): i.instagram.com
2017-04-16 20:25:49,721 Resetting dropped connection: i.instagram.com
2017-04-16 20:25:50,424 Login success as ohrana228!
2017-04-16 20:25:50,436 Resetting dropped connection: i.instagram.com
2017-04-16 20:25:51,310 Resetting dropped connection: i.instagram.com
2017-04-16 20:25:51,871 Resetting dropped connection: i.instagram.com
2017-04-16 20:25:52,222 Resetting dropped connection: i.instagram.com
2017-04-16 20:25:52,579 Resetting dropped connection: i.instagram.com
2017-04-16 20:25:52,931 Resetting dropped connection: i.instagram.com
2017-04-16 20:25:53,283 Resetting dropped connection: i.instagram.com
2017-04-16 20:25:53,650 Resetting dropped connection: i.instagram.com
2017-04-16 20:25:54,217 Resetting dropped connection: i.instagram.com
2017-04-16 20:25:54,597 Resetting dropped connection: i.instagram.com
2017-04-16 20:25:54,952 Resetting dropped connection: i.instagram.com
2017-04-16 20:25:55,309 Resetting dropped connection: i.instagram.com
2017-04-16 20:25:55,665 Resetting dropped connection: i.instagram.com
2017-04-16 20:25:56,495 Resetting dropped connection: i.instagram.com
2017-04-16 20:25:57,562 Resetting dropped connection: i.instagram.com
2017-04-16 20:25:57,918 Resetting dropped connection: i.instagram.com
2017-04-16 20:25:58,308 Resetting dropped connection: i.instagram.com
2017-04-16 20:25:58,651 Resetting dropped connection: i.instagram.com
2017-04-16 20:25:59,009 Resetting dropped connection: i.instagram.com
2017-04-16 20:25:59,354 Resetting dropped connection: i.instagram.com
2017-04-16 20:25:59,730 Starting new HTTP connection (1): scontent-arn2-1.cdninstagram.com
2017-04-16 20:26:00,086 Starting new HTTP connection (1): scontent-arn2-1.cdninstagram.com
2017-04-16 20:26:00,361 Starting new HTTP connection (1): scontent-arn2-1.cdninstagram.com
2017-04-16 20:26:00,658 Starting new HTTP connection (1): scontent-arn2-1.cdninstagram.com
2017-04-16 20:26:00,879 Starting new HTTP connection (1): scontent-arn2-1.cdninstagram.com
2017-04-16 20:26:01,006 Starting new HTTP connection (1): scontent-arn2-1.cdninstagram.com
2017-04-16 20:26:01,290 Starting new HTTP connection (1): scontent-arn2-1.cdninstagram.com
2017-04-16 20:26:01,699 Starting new HTTP connection (1): scontent-arn2-1.cdninstagram.com
2017-04-16 20:26:01,827 Starting new HTTP connection (1): scontent-arn2-1.cdninstagram.com
2017-04-16 20:26:02,051 Starting new HTTP connection (1): scontent-arn2-1.cdninstagram.com
2017-04-16 20:26:02,356 Starting new HTTP connection (1): scontent-arn2-1.cdninstagram.com
2017-04-16 20:26:02,575 Starting new HTTP connection (1): scontent-arn2-1.cdninstagram.com
2017-04-16 20:26:02,858 Starting new HTTP connection (1): scontent-arn2-1.cdninstagram.com
2017-04-16 20:26:03,157 Starting new HTTP connection (1): scontent-arn2-1.cdninstagram.com
2017-04-16 20:26:03,465 Starting new HTTP connection (1): scontent-arn2-1.cdninstagram.com
2017-04-16 20:26:03,651 Starting new HTTP connection (1): scontent-arn2-1.cdninstagram.com
2017-04-16 20:26:03,934 Starting new HTTP connection (1): scontent-arn2-1.cdninstagram.com
2017-04-16 20:26:04,229 Starting new HTTP connection (1): scontent-arn2-1.cdninstagram.com
2017-04-16 20:26:04,438 Resetting dropped connection: i.instagram.com
2017-04-16 20:26:04,845 Bot stopped. Worked: 0:08:56.571784
2017-04-16 20:26:04,846 Total requests: 23
2017-04-16 20:29:28,824 Instabot Started
2017-04-16 20:29:28,851 Starting new HTTPS connection (1): i.instagram.com
2017-04-16 20:29:29,262 Resetting dropped connection: i.instagram.com
2017-04-16 20:29:29,963 Login success as ohrana228!
2017-04-16 20:29:29,966 Resetting dropped connection: i.instagram.com
2017-04-16 20:29:30,952 Resetting dropped connection: i.instagram.com
2017-04-16 20:29:31,417 Resetting dropped connection: i.instagram.com
2017-04-16 20:29:31,760 Resetting dropped connection: i.instagram.com
2017-04-16 20:29:32,118 Resetting dropped connection: i.instagram.com
2017-04-16 20:29:32,470 Resetting dropped connection: i.instagram.com
2017-04-16 20:29:32,851 Resetting dropped connection: i.instagram.com
2017-04-16 20:29:33,216 Resetting dropped connection: i.instagram.com
2017-04-16 20:29:33,588 Resetting dropped connection: i.instagram.com
2017-04-16 20:29:33,981 Resetting dropped connection: i.instagram.com
2017-04-16 20:29:34,863 Resetting dropped connection: i.instagram.com
2017-04-16 20:29:35,221 Resetting dropped connection: i.instagram.com
2017-04-16 20:29:35,571 Resetting dropped connection: i.instagram.com
2017-04-16 20:29:35,962 Resetting dropped connection: i.instagram.com
2017-04-16 20:29:36,313 Resetting dropped connection: i.instagram.com
2017-04-16 20:29:36,665 Resetting dropped connection: i.instagram.com
2017-04-16 20:29:37,014 Resetting dropped connection: i.instagram.com
2017-04-16 20:29:37,369 Resetting dropped connection: i.instagram.com
2017-04-16 20:29:37,724 Resetting dropped connection: i.instagram.com
2017-04-16 20:29:38,083 Resetting dropped connection: i.instagram.com
2017-04-16 20:29:38,484 Starting new HTTP connection (1): scontent-arn2-1.cdninstagram.com
2017-04-16 20:29:38,788 Starting new HTTP connection (1): scontent-arn2-1.cdninstagram.com
2017-04-16 20:29:39,120 Starting new HTTP connection (1): scontent-arn2-1.cdninstagram.com
2017-04-16 20:29:39,381 Starting new HTTP connection (1): scontent-arn2-1.cdninstagram.com
2017-04-16 20:29:39,595 Resetting dropped connection: i.instagram.com
2017-04-16 20:29:39,944 Bot stopped. Worked: 0:12:31.670453
2017-04-16 20:29:39,944 Total requests: 43
2017-04-16 20:29:53,907 Instabot Started
2017-04-16 20:29:53,926 Starting new HTTPS connection (1): i.instagram.com
2017-04-16 20:29:54,324 Resetting dropped connection: i.instagram.com
2017-04-16 20:29:54,961 Login success as ohrana228!
2017-04-16 20:29:54,966 Resetting dropped connection: i.instagram.com
2017-04-16 20:29:55,886 Resetting dropped connection: i.instagram.com
2017-04-16 20:29:56,333 Resetting dropped connection: i.instagram.com
2017-04-16 20:29:56,701 Resetting dropped connection: i.instagram.com
2017-04-16 20:29:57,069 Resetting dropped connection: i.instagram.com
2017-04-16 20:29:57,422 Resetting dropped connection: i.instagram.com
2017-04-16 20:29:57,777 Resetting dropped connection: i.instagram.com
2017-04-16 20:29:58,148 Resetting dropped connection: i.instagram.com
2017-04-16 20:29:58,515 Resetting dropped connection: i.instagram.com
2017-04-16 20:29:58,886 Resetting dropped connection: i.instagram.com
2017-04-16 20:29:59,251 Resetting dropped connection: i.instagram.com
2017-04-16 20:29:59,620 Resetting dropped connection: i.instagram.com
2017-04-16 20:29:59,983 Resetting dropped connection: i.instagram.com
2017-04-16 20:30:00,364 Resetting dropped connection: i.instagram.com
2017-04-16 20:30:00,723 Resetting dropped connection: i.instagram.com
2017-04-16 20:30:01,084 Resetting dropped connection: i.instagram.com
2017-04-16 20:30:01,522 Resetting dropped connection: i.instagram.com
2017-04-16 20:30:02,971 Resetting dropped connection: i.instagram.com
2017-04-16 20:30:03,473 Resetting dropped connection: i.instagram.com
2017-04-16 20:30:03,827 Resetting dropped connection: i.instagram.com
2017-04-16 20:30:04,183 Starting new HTTP connection (1): scontent-arn2-1.cdninstagram.com
2017-04-16 20:30:04,481 Starting new HTTP connection (1): scontent-arn2-1.cdninstagram.com
2017-04-16 20:30:04,697 Starting new HTTP connection (1): scontent-arn2-1.cdninstagram.com
2017-04-16 20:30:05,041 Starting new HTTP connection (1): scontent-arn2-1.cdninstagram.com
2017-04-16 20:30:05,272 Resetting dropped connection: i.instagram.com
2017-04-16 20:30:05,613 Bot stopped. Worked: 0:12:57.339101
2017-04-16 20:30:05,613 Total requests: 63
2017-04-16 20:30:44,136 Instabot Started
2017-04-16 20:30:44,160 Starting new HTTPS connection (1): i.instagram.com
2017-04-16 20:30:44,535 Resetting dropped connection: i.instagram.com
2017-04-16 20:30:45,173 Login success as ohrana228!
2017-04-16 20:30:45,177 Resetting dropped connection: i.instagram.com
2017-04-16 20:30:46,182 Resetting dropped connection: i.instagram.com
2017-04-16 20:30:46,466 Starting new HTTPS connection (2): i.instagram.com
2017-04-16 20:30:46,805 Bot stopped. Worked: 0:13:38.531675
2017-04-16 20:30:46,805 Total requests: 65
2017-04-16 20:30:50,556 Instabot Started
2017-04-16 20:30:50,578 Starting new HTTPS connection (1): i.instagram.com
2017-04-16 20:30:50,986 Resetting dropped connection: i.instagram.com
2017-04-16 20:30:51,615 Login success as ohrana228!
2017-04-16 20:30:51,618 Resetting dropped connection: i.instagram.com
2017-04-16 20:30:52,561 Resetting dropped connection: i.instagram.com
2017-04-16 20:30:53,166 Resetting dropped connection: i.instagram.com
2017-04-16 20:30:53,516 Resetting dropped connection: i.instagram.com
2017-04-16 20:30:53,871 Resetting dropped connection: i.instagram.com
2017-04-16 20:30:54,231 Resetting dropped connection: i.instagram.com
2017-04-16 20:30:54,593 Resetting dropped connection: i.instagram.com
2017-04-16 20:30:54,948 Resetting dropped connection: i.instagram.com
2017-04-16 20:30:55,317 Resetting dropped connection: i.instagram.com
2017-04-16 20:30:55,700 Resetting dropped connection: i.instagram.com
2017-04-16 20:30:56,077 Resetting dropped connection: i.instagram.com
2017-04-16 20:30:56,434 Resetting dropped connection: i.instagram.com
2017-04-16 20:30:56,790 Resetting dropped connection: i.instagram.com
2017-04-16 20:30:57,157 Resetting dropped connection: i.instagram.com
2017-04-16 20:30:57,505 Resetting dropped connection: i.instagram.com
2017-04-16 20:30:57,942 Resetting dropped connection: i.instagram.com
2017-04-16 20:30:58,315 Resetting dropped connection: i.instagram.com
2017-04-16 20:30:58,688 Resetting dropped connection: i.instagram.com
2017-04-16 20:30:59,062 Resetting dropped connection: i.instagram.com
2017-04-16 20:30:59,425 Resetting dropped connection: i.instagram.com
2017-04-16 20:30:59,867 Starting new HTTP connection (1): scontent-arn2-1.cdninstagram.com
2017-04-16 20:31:00,197 Starting new HTTP connection (1): scontent-arn2-1.cdninstagram.com
2017-04-16 20:31:00,424 Starting new HTTP connection (1): scontent-arn2-1.cdninstagram.com
2017-04-16 20:31:01,135 Starting new HTTP connection (1): scontent-arn2-1.cdninstagram.com
2017-04-16 20:31:01,493 Resetting dropped connection: i.instagram.com
2017-04-16 20:31:01,866 Bot stopped. Worked: 0:13:53.592589
2017-04-16 20:31:01,866 Total requests: 85
2017-04-16 20:56:51,421 Instabot Started
2017-04-16 20:56:51,492 Starting new HTTPS connection (1): i.instagram.com
2017-04-16 20:56:51,899 Resetting dropped connection: i.instagram.com
2017-04-16 20:56:52,507 Login success as ohrana228!
2017-04-16 20:56:52,510 Resetting dropped connection: i.instagram.com
2017-04-16 20:56:53,438 Resetting dropped connection: i.instagram.com
2017-04-16 20:56:53,923 Resetting dropped connection: i.instagram.com
2017-04-16 20:56:54,264 Bot stopped. Worked: 0:39:45.990212
2017-04-16 20:56:54,264 Total requests: 87
2017-04-16 20:57:10,522 Instabot Started
2017-04-16 20:57:10,545 Starting new HTTPS connection (1): i.instagram.com
2017-04-16 20:57:10,943 Resetting dropped connection: i.instagram.com
2017-04-16 20:57:11,629 Login success as ohrana228!
2017-04-16 20:57:11,635 Resetting dropped connection: i.instagram.com
2017-04-16 20:57:12,689 Resetting dropped connection: i.instagram.com
2017-04-16 20:57:13,156 Resetting dropped connection: i.instagram.com
2017-04-16 20:57:13,495 Bot stopped. Worked: 0:40:05.222003
2017-04-16 20:57:13,496 Total requests: 89
2017-04-16 20:57:27,886 Instabot Started
2017-04-16 20:57:27,897 Starting new HTTPS connection (1): i.instagram.com
2017-04-16 20:57:28,247 Resetting dropped connection: i.instagram.com
2017-04-16 20:57:28,848 Login success as ohrana228!
2017-04-16 20:57:28,852 Resetting dropped connection: i.instagram.com
2017-04-16 20:57:29,851 Resetting dropped connection: i.instagram.com
2017-04-16 20:57:30,387 Resetting dropped connection: i.instagram.com
2017-04-16 20:57:30,776 Bot stopped. Worked: 0:40:22.502665
2017-04-16 20:57:30,776 Total requests: 91
2017-04-16 20:58:38,215 Instabot Started
2017-04-16 20:58:38,233 Starting new HTTPS connection (1): i.instagram.com
2017-04-16 20:58:38,600 Resetting dropped connection: i.instagram.com
2017-04-16 20:58:39,277 Login success as ohrana228!
2017-04-16 20:58:39,280 Resetting dropped connection: i.instagram.com
2017-04-16 20:58:40,350 Resetting dropped connection: i.instagram.com
2017-04-16 20:58:40,789 Resetting dropped connection: i.instagram.com
2017-04-16 20:58:41,140 Resetting dropped connection: i.instagram.com
2017-04-16 20:58:41,495 Resetting dropped connection: i.instagram.com
2017-04-16 20:58:41,854 Resetting dropped connection: i.instagram.com
2017-04-16 20:58:42,244 Resetting dropped connection: i.instagram.com
2017-04-16 20:58:42,596 Resetting dropped connection: i.instagram.com
2017-04-16 20:58:42,968 Resetting dropped connection: i.instagram.com
2017-04-16 20:58:43,320 Resetting dropped connection: i.instagram.com
2017-04-16 20:58:43,692 Resetting dropped connection: i.instagram.com
2017-04-16 20:58:44,050 Resetting dropped connection: i.instagram.com
2017-04-16 20:58:44,405 Resetting dropped connection: i.instagram.com
2017-04-16 20:58:44,755 Resetting dropped connection: i.instagram.com
2017-04-16 20:58:46,108 Resetting dropped connection: i.instagram.com
2017-04-16 20:58:46,465 Resetting dropped connection: i.instagram.com
2017-04-16 20:58:46,812 Resetting dropped connection: i.instagram.com
2017-04-16 20:58:47,169 Resetting dropped connection: i.instagram.com
2017-04-16 20:58:47,535 Resetting dropped connection: i.instagram.com
2017-04-16 20:58:47,897 Resetting dropped connection: i.instagram.com
2017-04-16 20:58:48,344 Resetting dropped connection: i.instagram.com
2017-04-16 20:58:48,681 Bot stopped. Worked: 0:41:40.407327
2017-04-16 20:58:48,681 Total requests: 111
2017-04-16 20:59:00,141 Instabot Started
2017-04-16 20:59:00,162 Starting new HTTPS connection (1): i.instagram.com
2017-04-16 20:59:00,564 Resetting dropped connection: i.instagram.com
2017-04-16 20:59:01,146 Login success as ohrana228!
2017-04-16 20:59:01,150 Resetting dropped connection: i.instagram.com
2017-04-16 20:59:02,089 Resetting dropped connection: i.instagram.com
2017-04-16 20:59:02,556 Resetting dropped connection: i.instagram.com
2017-04-16 20:59:02,948 Resetting dropped connection: i.instagram.com
2017-04-16 20:59:03,309 Resetting dropped connection: i.instagram.com
2017-04-16 20:59:03,664 Resetting dropped connection: i.instagram.com
2017-04-16 20:59:04,046 Resetting dropped connection: i.instagram.com
2017-04-16 20:59:04,438 Resetting dropped connection: i.instagram.com
2017-04-16 20:59:04,796 Resetting dropped connection: i.instagram.com
2017-04-16 20:59:05,173 Resetting dropped connection: i.instagram.com
2017-04-16 20:59:05,537 Resetting dropped connection: i.instagram.com
2017-04-16 20:59:05,892 Resetting dropped connection: i.instagram.com
2017-04-16 20:59:06,252 Resetting dropped connection: i.instagram.com
2017-04-16 20:59:06,894 Resetting dropped connection: i.instagram.com
2017-04-16 20:59:07,247 Resetting dropped connection: i.instagram.com
2017-04-16 20:59:07,617 Resetting dropped connection: i.instagram.com
2017-04-16 20:59:08,010 Resetting dropped connection: i.instagram.com
2017-04-16 20:59:08,426 Resetting dropped connection: i.instagram.com
2017-04-16 20:59:08,778 Resetting dropped connection: i.instagram.com
2017-04-16 20:59:09,194 Resetting dropped connection: i.instagram.com
2017-04-16 20:59:09,562 Resetting dropped connection: i.instagram.com
2017-04-16 20:59:09,934 Bot stopped. Worked: 0:42:01.660368
2017-04-16 20:59:09,934 Total requests: 131
2017-04-16 21:05:57,645 Instabot Started
2017-04-16 21:05:57,679 Starting new HTTPS connection (1): i.instagram.com
2017-04-16 21:05:58,125 Resetting dropped connection: i.instagram.com
2017-04-16 21:05:58,729 Login success as ohrana228!
2017-04-16 21:05:58,733 Resetting dropped connection: i.instagram.com
2017-04-16 21:05:59,780 Resetting dropped connection: i.instagram.com
2017-04-16 21:06:00,264 Resetting dropped connection: i.instagram.com
2017-04-16 21:06:00,623 Resetting dropped connection: i.instagram.com
2017-04-16 21:06:00,991 Resetting dropped connection: i.instagram.com
2017-04-16 21:06:01,609 Resetting dropped connection: i.instagram.com
2017-04-16 21:06:01,988 Resetting dropped connection: i.instagram.com
2017-04-16 21:06:02,362 Resetting dropped connection: i.instagram.com
2017-04-16 21:06:02,747 Resetting dropped connection: i.instagram.com
2017-04-16 21:06:03,108 Resetting dropped connection: i.instagram.com
2017-04-16 21:06:03,462 Resetting dropped connection: i.instagram.com
2017-04-16 21:06:03,821 Resetting dropped connection: i.instagram.com
2017-04-16 21:06:04,209 Resetting dropped connection: i.instagram.com
2017-04-16 21:06:04,555 Resetting dropped connection: i.instagram.com
2017-04-16 21:06:04,918 Resetting dropped connection: i.instagram.com
2017-04-16 21:06:05,282 Resetting dropped connection: i.instagram.com
2017-04-16 21:06:05,640 Resetting dropped connection: i.instagram.com
2017-04-16 21:06:05,993 Resetting dropped connection: i.instagram.com
2017-04-16 21:06:06,347 Resetting dropped connection: i.instagram.com
2017-04-16 21:06:06,765 Resetting dropped connection: i.instagram.com
2017-04-16 21:06:07,145 Resetting dropped connection: i.instagram.com
2017-04-16 21:06:07,477 Bot stopped. Worked: 0:48:59.203586
2017-04-16 21:06:07,477 Total requests: 151
2017-04-16 21:06:46,724 Instabot Started
2017-04-16 21:06:47,757 Starting new HTTPS connection (1): i.instagram.com
2017-04-16 21:06:48,182 Resetting dropped connection: i.instagram.com
2017-04-16 21:06:48,831 Login success as ohrana228!
2017-04-16 21:06:48,835 Resetting dropped connection: i.instagram.com
2017-04-16 21:06:49,775 Resetting dropped connection: i.instagram.com
2017-04-16 21:06:50,253 Resetting dropped connection: i.instagram.com
2017-04-16 21:06:50,605 Resetting dropped connection: i.instagram.com
2017-04-16 21:06:50,955 Resetting dropped connection: i.instagram.com
2017-04-16 21:06:51,315 Resetting dropped connection: i.instagram.com
2017-04-16 21:06:51,677 Resetting dropped connection: i.instagram.com
2017-04-16 21:06:52,044 Resetting dropped connection: i.instagram.com
2017-04-16 21:06:52,411 Resetting dropped connection: i.instagram.com
2017-04-16 21:06:52,814 Resetting dropped connection: i.instagram.com
2017-04-16 21:06:53,180 Resetting dropped connection: i.instagram.com
2017-04-16 21:06:53,532 Resetting dropped connection: i.instagram.com
2017-04-16 21:06:53,884 Resetting dropped connection: i.instagram.com
2017-04-16 21:06:54,233 Resetting dropped connection: i.instagram.com
2017-04-16 21:06:54,592 Resetting dropped connection: i.instagram.com
2017-04-16 21:06:54,951 Resetting dropped connection: i.instagram.com
2017-04-16 21:06:55,326 Resetting dropped connection: i.instagram.com
2017-04-16 21:06:55,681 Resetting dropped connection: i.instagram.com
2017-04-16 21:06:56,042 Resetting dropped connection: i.instagram.com
2017-04-16 21:06:56,399 Resetting dropped connection: i.instagram.com
2017-04-16 21:06:56,757 Resetting dropped connection: i.instagram.com
2017-04-16 21:06:57,094 Bot stopped. Worked: 0:49:48.820590
2017-04-16 21:06:57,094 Total requests: 171
2017-04-16 21:07:34,011 Instabot Started
2017-04-16 21:07:34,044 Starting new HTTPS connection (1): i.instagram.com
2017-04-16 21:07:34,636 Resetting dropped connection: i.instagram.com
2017-04-16 21:07:35,291 Login success as ohrana228!
2017-04-16 21:07:35,298 Resetting dropped connection: i.instagram.com
2017-04-16 21:07:36,911 Resetting dropped connection: i.instagram.com
2017-04-16 21:07:37,379 Resetting dropped connection: i.instagram.com
2017-04-16 21:07:37,729 Resetting dropped connection: i.instagram.com
2017-04-16 21:07:38,117 Resetting dropped connection: i.instagram.com
2017-04-16 21:07:38,485 Resetting dropped connection: i.instagram.com
2017-04-16 21:07:39,866 Resetting dropped connection: i.instagram.com
2017-04-16 21:07:40,241 Resetting dropped connection: i.instagram.com
2017-04-16 21:07:40,625 Resetting dropped connection: i.instagram.com
2017-04-16 21:07:40,978 Resetting dropped connection: i.instagram.com
2017-04-16 21:07:41,347 Resetting dropped connection: i.instagram.com
2017-04-16 21:07:41,713 Resetting dropped connection: i.instagram.com
2017-04-16 21:07:42,130 Resetting dropped connection: i.instagram.com
2017-04-16 21:07:42,480 Resetting dropped connection: i.instagram.com
2017-04-16 21:07:42,856 Resetting dropped connection: i.instagram.com
2017-04-16 21:07:43,216 Resetting dropped connection: i.instagram.com
2017-04-16 21:07:43,579 Resetting dropped connection: i.instagram.com
2017-04-16 21:07:43,942 Resetting dropped connection: i.instagram.com
2017-04-16 21:07:44,306 Resetting dropped connection: i.instagram.com
2017-04-16 21:07:44,680 Resetting dropped connection: i.instagram.com
2017-04-16 21:07:45,053 Resetting dropped connection: i.instagram.com
2017-04-16 21:07:45,392 Bot stopped. Worked: 0:50:37.118565
2017-04-16 21:07:45,392 Total requests: 191
2017-04-16 21:10:15,332 Instabot Started
2017-04-16 21:10:15,357 Starting new HTTPS connection (1): i.instagram.com
2017-04-16 21:10:15,745 Resetting dropped connection: i.instagram.com
2017-04-16 21:10:16,468 Login success as ohrana228!
2017-04-16 21:10:16,472 Resetting dropped connection: i.instagram.com
2017-04-16 21:10:17,584 Resetting dropped connection: i.instagram.com
2017-04-16 21:10:18,523 Resetting dropped connection: i.instagram.com
2017-04-16 21:10:18,879 Resetting dropped connection: i.instagram.com
2017-04-16 21:10:19,233 Resetting dropped connection: i.instagram.com
2017-04-16 21:10:19,591 Resetting dropped connection: i.instagram.com
2017-04-16 21:10:19,963 Resetting dropped connection: i.instagram.com
2017-04-16 21:10:20,314 Resetting dropped connection: i.instagram.com
2017-04-16 21:10:20,717 Resetting dropped connection: i.instagram.com
2017-04-16 21:10:21,089 Resetting dropped connection: i.instagram.com
2017-04-16 21:10:21,473 Resetting dropped connection: i.instagram.com
2017-04-16 21:10:21,824 Resetting dropped connection: i.instagram.com
2017-04-16 21:10:22,185 Resetting dropped connection: i.instagram.com
2017-04-16 21:10:22,549 Resetting dropped connection: i.instagram.com
2017-04-16 21:10:22,963 Resetting dropped connection: i.instagram.com
2017-04-16 21:10:23,400 Resetting dropped connection: i.instagram.com
2017-04-16 21:10:23,767 Resetting dropped connection: i.instagram.com
2017-04-16 21:10:24,117 Resetting dropped connection: i.instagram.com
2017-04-16 21:10:24,495 Resetting dropped connection: i.instagram.com
2017-04-16 21:10:24,862 Resetting dropped connection: i.instagram.com
2017-04-16 21:10:25,233 Resetting dropped connection: i.instagram.com
2017-04-16 21:10:25,649 Bot stopped. Worked: 0:53:17.375104
2017-04-16 21:10:25,649 Total requests: 211
2017-04-16 21:12:57,174 Instabot Started
2017-04-16 21:12:57,201 Starting new HTTPS connection (1): i.instagram.com
2017-04-16 21:12:58,017 Resetting dropped connection: i.instagram.com
2017-04-16 21:12:58,879 Login success as ohrana228!
2017-04-16 21:12:58,883 Resetting dropped connection: i.instagram.com
2017-04-16 21:13:00,416 Resetting dropped connection: i.instagram.com
2017-04-16 21:13:01,238 Resetting dropped connection: i.instagram.com
2017-04-16 21:13:01,884 Resetting dropped connection: i.instagram.com
2017-04-16 21:13:02,538 Resetting dropped connection: i.instagram.com
2017-04-16 21:13:03,201 Resetting dropped connection: i.instagram.com
2017-04-16 21:13:03,941 Resetting dropped connection: i.instagram.com
2017-04-16 21:13:04,611 Resetting dropped connection: i.instagram.com
2017-04-16 21:13:05,305 Resetting dropped connection: i.instagram.com
2017-04-16 21:13:05,962 Resetting dropped connection: i.instagram.com
2017-04-16 21:13:06,614 Resetting dropped connection: i.instagram.com
2017-04-16 21:13:07,311 Resetting dropped connection: i.instagram.com
2017-04-16 21:13:08,053 Resetting dropped connection: i.instagram.com
2017-04-16 21:13:08,699 Resetting dropped connection: i.instagram.com
2017-04-16 21:13:09,356 Resetting dropped connection: i.instagram.com
2017-04-16 21:13:10,022 Resetting dropped connection: i.instagram.com
2017-04-16 21:13:11,681 Resetting dropped connection: i.instagram.com
2017-04-16 21:13:12,340 Resetting dropped connection: i.instagram.com
2017-04-16 21:13:12,995 Resetting dropped connection: i.instagram.com
2017-04-16 21:13:13,646 Resetting dropped connection: i.instagram.com
2017-04-16 21:13:14,327 Resetting dropped connection: i.instagram.com
2017-04-16 21:13:14,993 Bot stopped. Worked: 0:56:06.719690
2017-04-16 21:13:14,993 Total requests: 231
2017-04-16 21:13:18,645 Instabot Started
2017-04-16 21:13:18,665 Starting new HTTPS connection (1): i.instagram.com
2017-04-16 21:13:19,322 Resetting dropped connection: i.instagram.com
2017-04-16 21:13:20,255 Login success as ohrana228!
2017-04-16 21:13:20,258 Resetting dropped connection: i.instagram.com
2017-04-16 21:13:21,690 Resetting dropped connection: i.instagram.com
2017-04-16 21:13:22,448 Resetting dropped connection: i.instagram.com
2017-04-16 21:13:23,101 Resetting dropped connection: i.instagram.com
2017-04-16 21:13:23,748 Resetting dropped connection: i.instagram.com
2017-04-16 21:13:24,449 Resetting dropped connection: i.instagram.com
2017-04-16 21:13:25,133 Resetting dropped connection: i.instagram.com
2017-04-16 21:13:25,796 Resetting dropped connection: i.instagram.com
2017-04-16 21:13:26,476 Resetting dropped connection: i.instagram.com
2017-04-16 21:13:26,895 Resetting dropped connection: i.instagram.com
2017-04-16 21:13:27,246 Resetting dropped connection: i.instagram.com
2017-04-16 21:13:27,623 Resetting dropped connection: i.instagram.com
2017-04-16 21:13:28,001 Resetting dropped connection: i.instagram.com
2017-04-16 21:13:28,375 Resetting dropped connection: i.instagram.com
2017-04-16 21:13:28,728 Resetting dropped connection: i.instagram.com
2017-04-16 21:13:29,089 Resetting dropped connection: i.instagram.com
2017-04-16 21:13:29,451 Resetting dropped connection: i.instagram.com
2017-04-16 21:13:29,789 Resetting dropped connection: i.instagram.com
2017-04-16 21:13:30,195 Resetting dropped connection: i.instagram.com
2017-04-16 21:13:30,559 Resetting dropped connection: i.instagram.com
2017-04-16 21:13:30,907 Resetting dropped connection: i.instagram.com
2017-04-16 21:13:31,254 Bot stopped. Worked: 0:56:22.980451
2017-04-16 21:13:31,254 Total requests: 251
2017-04-16 21:13:35,140 Instabot Started
2017-04-16 21:13:35,158 Starting new HTTPS connection (1): i.instagram.com
2017-04-16 21:13:35,546 Resetting dropped connection: i.instagram.com
2017-04-16 21:13:36,139 Login success as ohrana228!
2017-04-16 21:13:36,143 Resetting dropped connection: i.instagram.com
2017-04-16 21:13:37,234 Resetting dropped connection: i.instagram.com
2017-04-16 21:13:37,824 Resetting dropped connection: i.instagram.com
2017-04-16 21:13:38,192 Resetting dropped connection: i.instagram.com
2017-04-16 21:13:38,572 Resetting dropped connection: i.instagram.com
2017-04-16 21:13:38,926 Resetting dropped connection: i.instagram.com
2017-04-16 21:13:39,279 Resetting dropped connection: i.instagram.com
2017-04-16 21:13:39,642 Resetting dropped connection: i.instagram.com
2017-04-16 21:13:40,010 Resetting dropped connection: i.instagram.com
2017-04-16 21:13:40,376 Resetting dropped connection: i.instagram.com
2017-04-16 21:13:40,736 Resetting dropped connection: i.instagram.com
2017-04-16 21:13:41,103 Resetting dropped connection: i.instagram.com
2017-04-16 21:13:41,453 Resetting dropped connection: i.instagram.com
2017-04-16 21:13:41,806 Resetting dropped connection: i.instagram.com
2017-04-16 21:13:42,162 Resetting dropped connection: i.instagram.com
2017-04-16 21:13:42,519 Resetting dropped connection: i.instagram.com
2017-04-16 21:13:42,869 Resetting dropped connection: i.instagram.com
2017-04-16 21:13:43,212 Resetting dropped connection: i.instagram.com
2017-04-16 21:13:43,565 Resetting dropped connection: i.instagram.com
2017-04-16 21:13:43,965 Resetting dropped connection: i.instagram.com
2017-04-16 21:13:44,322 Resetting dropped connection: i.instagram.com
2017-04-16 21:13:44,671 Bot stopped. Worked: 0:56:36.397058
2017-04-16 21:13:44,671 Total requests: 271
2017-04-16 21:14:21,937 Instabot Started
2017-04-16 21:14:21,957 Starting new HTTPS connection (1): i.instagram.com
2017-04-16 21:14:22,338 Resetting dropped connection: i.instagram.com
2017-04-16 21:14:22,950 Login success as ohrana228!
2017-04-16 21:14:22,955 Resetting dropped connection: i.instagram.com
2017-04-16 21:14:24,023 Resetting dropped connection: i.instagram.com
2017-04-16 21:14:24,799 Resetting dropped connection: i.instagram.com
2017-04-16 21:14:25,181 Resetting dropped connection: i.instagram.com
2017-04-16 21:14:25,556 Resetting dropped connection: i.instagram.com
2017-04-16 21:14:25,927 Resetting dropped connection: i.instagram.com
2017-04-16 21:14:26,289 Resetting dropped connection: i.instagram.com
2017-04-16 21:14:26,654 Resetting dropped connection: i.instagram.com
2017-04-16 21:14:27,350 Resetting dropped connection: i.instagram.com
2017-04-16 21:14:28,031 Resetting dropped connection: i.instagram.com
2017-04-16 21:14:28,714 Resetting dropped connection: i.instagram.com
2017-04-16 21:14:29,413 Resetting dropped connection: i.instagram.com
2017-04-16 21:14:30,082 Resetting dropped connection: i.instagram.com
2017-04-16 21:14:31,019 Resetting dropped connection: i.instagram.com
2017-04-16 21:14:31,697 Resetting dropped connection: i.instagram.com
2017-04-16 21:14:32,463 Resetting dropped connection: i.instagram.com
2017-04-16 21:14:33,166 Resetting dropped connection: i.instagram.com
2017-04-16 21:14:33,914 Resetting dropped connection: i.instagram.com
2017-04-16 21:14:34,642 Resetting dropped connection: i.instagram.com
2017-04-16 21:14:35,361 Resetting dropped connection: i.instagram.com
2017-04-16 21:14:36,041 Resetting dropped connection: i.instagram.com
2017-04-16 21:14:36,725 Bot stopped. Worked: 0:57:28.451665
2017-04-16 21:14:36,725 Total requests: 291
2017-04-16 21:14:48,610 Instabot Started
2017-04-16 21:14:48,629 Starting new HTTPS connection (1): i.instagram.com
2017-04-16 21:14:49,362 Resetting dropped connection: i.instagram.com
2017-04-16 21:14:50,357 Login success as ohrana228!
2017-04-16 21:14:50,360 Resetting dropped connection: i.instagram.com
2017-04-16 21:14:51,561 Resetting dropped connection: i.instagram.com
2017-04-16 21:14:52,371 Resetting dropped connection: i.instagram.com
2017-04-16 21:14:53,043 Resetting dropped connection: i.instagram.com
2017-04-16 21:14:53,750 Resetting dropped connection: i.instagram.com
2017-04-16 21:14:54,451 Resetting dropped connection: i.instagram.com
2017-04-16 21:14:55,172 Resetting dropped connection: i.instagram.com
2017-04-16 21:14:55,892 Resetting dropped connection: i.instagram.com
2017-04-16 21:14:56,578 Resetting dropped connection: i.instagram.com
2017-04-16 21:14:57,284 Resetting dropped connection: i.instagram.com
2017-04-16 21:14:57,965 Resetting dropped connection: i.instagram.com
2017-04-16 21:14:58,647 Resetting dropped connection: i.instagram.com
2017-04-16 21:14:59,328 Resetting dropped connection: i.instagram.com
2017-04-16 21:15:00,000 Resetting dropped connection: i.instagram.com
2017-04-16 21:15:00,696 Resetting dropped connection: i.instagram.com
2017-04-16 21:15:01,425 Resetting dropped connection: i.instagram.com
2017-04-16 21:15:02,109 Resetting dropped connection: i.instagram.com
2017-04-16 21:15:02,818 Resetting dropped connection: i.instagram.com
2017-04-16 21:15:03,500 Resetting dropped connection: i.instagram.com
2017-04-16 21:15:04,179 Resetting dropped connection: i.instagram.com
2017-04-16 21:15:04,859 Resetting dropped connection: i.instagram.com
2017-04-16 21:15:05,551 Bot stopped. Worked: 0:57:57.277945
2017-04-16 21:15:05,552 Total requests: 311
2017-04-16 21:19:24,380 Instabot Started
2017-04-16 21:19:24,425 Starting new HTTPS connection (1): i.instagram.com
2017-04-16 21:19:24,815 Resetting dropped connection: i.instagram.com
2017-04-16 21:19:25,471 Login success as ohrana228!
2017-04-16 21:19:25,474 Resetting dropped connection: i.instagram.com
2017-04-16 21:19:26,617 Resetting dropped connection: i.instagram.com
2017-04-16 21:19:27,082 Resetting dropped connection: i.instagram.com
2017-04-16 21:19:27,483 Resetting dropped connection: i.instagram.com
2017-04-16 21:19:27,853 Resetting dropped connection: i.instagram.com
2017-04-16 21:19:28,221 Resetting dropped connection: i.instagram.com
2017-04-16 21:19:28,594 Resetting dropped connection: i.instagram.com
2017-04-16 21:19:28,943 Resetting dropped connection: i.instagram.com
2017-04-16 21:19:29,296 Resetting dropped connection: i.instagram.com
2017-04-16 21:19:29,675 Resetting dropped connection: i.instagram.com
2017-04-16 21:19:30,043 Resetting dropped connection: i.instagram.com
2017-04-16 21:19:30,409 Resetting dropped connection: i.instagram.com
2017-04-16 21:19:30,784 Resetting dropped connection: i.instagram.com
2017-04-16 21:19:31,139 Resetting dropped connection: i.instagram.com
2017-04-16 21:19:31,502 Resetting dropped connection: i.instagram.com
2017-04-16 21:19:31,865 Resetting dropped connection: i.instagram.com
2017-04-16 21:19:32,247 Resetting dropped connection: i.instagram.com
2017-04-16 21:19:32,601 Resetting dropped connection: i.instagram.com
2017-04-16 21:19:32,954 Resetting dropped connection: i.instagram.com
2017-04-16 21:19:33,309 Resetting dropped connection: i.instagram.com
2017-04-16 21:19:33,675 Resetting dropped connection: i.instagram.com
2017-04-16 21:19:34,024 Bot stopped. Worked: 1:02:25.750775
2017-04-16 21:19:34,024 Total requests: 331
2017-04-16 21:21:41,631 Instabot Started
2017-04-16 21:21:41,664 Starting new HTTPS connection (1): i.instagram.com
2017-04-16 21:21:42,064 Resetting dropped connection: i.instagram.com
2017-04-16 21:21:42,722 Login success as ohrana228!
2017-04-16 21:21:42,726 Resetting dropped connection: i.instagram.com
2017-04-16 21:21:43,728 Resetting dropped connection: i.instagram.com
2017-04-16 21:21:44,188 Resetting dropped connection: i.instagram.com
2017-04-16 21:21:44,537 Resetting dropped connection: i.instagram.com
2017-04-16 21:21:44,957 Resetting dropped connection: i.instagram.com
2017-04-16 21:21:45,309 Resetting dropped connection: i.instagram.com
2017-04-16 21:21:46,101 Resetting dropped connection: i.instagram.com
2017-04-16 21:21:46,498 Resetting dropped connection: i.instagram.com
2017-04-16 21:21:46,853 Resetting dropped connection: i.instagram.com
2017-04-16 21:21:47,214 Resetting dropped connection: i.instagram.com
2017-04-16 21:21:47,601 Resetting dropped connection: i.instagram.com
2017-04-16 21:21:47,967 Resetting dropped connection: i.instagram.com
2017-04-16 21:21:48,356 Resetting dropped connection: i.instagram.com
2017-04-16 21:21:48,719 Resetting dropped connection: i.instagram.com
2017-04-16 21:21:49,101 Resetting dropped connection: i.instagram.com
2017-04-16 21:21:49,476 Resetting dropped connection: i.instagram.com
2017-04-16 21:21:49,829 Resetting dropped connection: i.instagram.com
2017-04-16 21:21:50,201 Resetting dropped connection: i.instagram.com
2017-04-16 21:21:50,561 Resetting dropped connection: i.instagram.com
2017-04-16 21:21:50,942 Resetting dropped connection: i.instagram.com
2017-04-16 21:21:51,300 Resetting dropped connection: i.instagram.com
2017-04-16 21:21:51,636 Bot stopped. Worked: 1:04:43.362486
2017-04-16 21:21:51,636 Total requests: 351
2017-04-16 21:46:46,335 Instabot Started
2017-04-16 21:46:46,358 Starting new HTTPS connection (1): i.instagram.com
2017-04-16 21:46:46,763 Resetting dropped connection: i.instagram.com
2017-04-16 21:46:47,369 Login success as ohrana228!
2017-04-16 21:46:47,374 Resetting dropped connection: i.instagram.com
2017-04-16 21:46:48,396 Resetting dropped connection: i.instagram.com
2017-04-16 21:46:48,852 Resetting dropped connection: i.instagram.com
2017-04-16 21:46:49,263 Bot stopped. Worked: 1:29:40.989345
2017-04-16 21:46:49,263 Total requests: 353
2017-04-16 21:48:49,420 Instabot Started
2017-04-16 21:48:49,446 Starting new HTTPS connection (1): i.instagram.com
2017-04-16 21:48:49,852 Resetting dropped connection: i.instagram.com
2017-04-16 21:48:50,504 Login success as ohrana228!
2017-04-16 21:48:50,509 Resetting dropped connection: i.instagram.com
2017-04-16 21:48:51,569 Resetting dropped connection: i.instagram.com
2017-04-16 21:48:52,040 Resetting dropped connection: i.instagram.com
2017-04-16 21:48:52,376 Bot stopped. Worked: 1:31:44.102739
2017-04-16 21:48:52,376 Total requests: 355
2017-04-16 21:49:06,942 Instabot Started
2017-04-16 21:49:07,007 Starting new HTTPS connection (1): i.instagram.com
2017-04-16 21:49:07,375 Resetting dropped connection: i.instagram.com
2017-04-16 21:49:08,028 Login success as ohrana228!
2017-04-16 21:49:08,031 Resetting dropped connection: i.instagram.com
2017-04-16 21:49:09,202 Resetting dropped connection: i.instagram.com
2017-04-16 21:49:09,702 Resetting dropped connection: i.instagram.com
2017-04-16 21:49:10,036 Bot stopped. Worked: 1:32:01.762356
2017-04-16 21:49:10,036 Total requests: 357
2017-04-16 21:49:23,756 Instabot Started
2017-04-16 21:49:23,767 Starting new HTTPS connection (1): i.instagram.com
2017-04-16 21:49:24,125 Resetting dropped connection: i.instagram.com
2017-04-16 21:49:24,766 Login success as ohrana228!
2017-04-16 21:49:24,772 Resetting dropped connection: i.instagram.com
2017-04-16 21:49:25,768 Resetting dropped connection: i.instagram.com
2017-04-16 21:49:26,269 Resetting dropped connection: i.instagram.com
2017-04-16 21:49:26,611 Bot stopped. Worked: 1:32:18.337810
2017-04-16 21:49:26,611 Total requests: 359
2017-04-16 21:50:00,444 Instabot Started
2017-04-16 21:50:00,864 Starting new HTTPS connection (1): i.instagram.com
2017-04-16 21:50:01,221 Resetting dropped connection: i.instagram.com
2017-04-16 21:50:01,899 Login success as ohrana228!
2017-04-16 21:50:01,903 Resetting dropped connection: i.instagram.com
2017-04-16 21:50:03,087 Resetting dropped connection: i.instagram.com
2017-04-16 21:50:03,612 Resetting dropped connection: i.instagram.com
2017-04-16 21:50:03,956 Bot stopped. Worked: 1:32:55.682844
2017-04-16 21:50:03,956 Total requests: 361
2017-04-16 21:50:11,103 Instabot Started
2017-04-16 21:50:11,123 Starting new HTTPS connection (1): i.instagram.com
2017-04-16 21:50:11,485 Resetting dropped connection: i.instagram.com
2017-04-16 21:50:12,084 Login success as ohrana228!
2017-04-16 21:50:12,087 Resetting dropped connection: i.instagram.com
2017-04-16 21:50:12,994 Resetting dropped connection: i.instagram.com
2017-04-16 21:50:13,568 Resetting dropped connection: i.instagram.com
2017-04-16 21:50:13,913 Bot stopped. Worked: 1:33:05.639569
2017-04-16 21:50:13,913 Total requests: 363
2017-04-16 21:51:16,738 Instabot Started
2017-04-16 21:51:16,773 Starting new HTTPS connection (1): i.instagram.com
2017-04-16 21:51:17,211 Resetting dropped connection: i.instagram.com
2017-04-16 21:51:17,883 Login success as ohrana228!
2017-04-16 21:51:17,886 Resetting dropped connection: i.instagram.com
2017-04-16 21:51:18,767 Resetting dropped connection: i.instagram.com
2017-04-16 21:51:19,290 Resetting dropped connection: i.instagram.com
2017-04-16 21:51:19,657 Resetting dropped connection: i.instagram.com
2017-04-16 21:51:20,032 Resetting dropped connection: i.instagram.com
2017-04-16 21:51:20,396 Resetting dropped connection: i.instagram.com
2017-04-16 21:51:20,783 Resetting dropped connection: i.instagram.com
2017-04-16 21:51:21,147 Resetting dropped connection: i.instagram.com
2017-04-16 21:51:21,504 Resetting dropped connection: i.instagram.com
2017-04-16 21:51:21,869 Resetting dropped connection: i.instagram.com
2017-04-16 21:51:22,227 Resetting dropped connection: i.instagram.com
2017-04-16 21:51:22,588 Resetting dropped connection: i.instagram.com
2017-04-16 21:51:22,948 Resetting dropped connection: i.instagram.com
2017-04-16 21:51:23,306 Resetting dropped connection: i.instagram.com
2017-04-16 21:51:23,659 Resetting dropped connection: i.instagram.com
2017-04-16 21:51:24,007 Resetting dropped connection: i.instagram.com
2017-04-16 21:51:24,384 Resetting dropped connection: i.instagram.com
2017-04-16 21:51:24,737 Resetting dropped connection: i.instagram.com
2017-04-16 21:51:25,167 Resetting dropped connection: i.instagram.com
2017-04-16 21:51:25,526 Resetting dropped connection: i.instagram.com
2017-04-16 21:51:25,922 Starting new HTTP connection (1): scontent-arn2-1.cdninstagram.com
2017-04-16 21:51:26,258 Starting new HTTP connection (1): scontent-arn2-1.cdninstagram.com
2017-04-16 21:51:26,473 Starting new HTTP connection (1): scontent-arn2-1.cdninstagram.com
2017-04-16 21:51:26,723 Starting new HTTP connection (1): scontent-arn2-1.cdninstagram.com
2017-04-16 21:51:26,947 Resetting dropped connection: i.instagram.com
2017-04-16 21:51:27,294 Bot stopped. Worked: 1:34:19.020418
2017-04-16 21:51:27,294 Total requests: 383
2017-04-16 21:52:49,624 Instabot Started
2017-04-16 21:52:49,653 Starting new HTTPS connection (1): i.instagram.com
2017-04-16 21:52:50,060 Resetting dropped connection: i.instagram.com
2017-04-16 21:52:50,641 Login success as ohrana228!
2017-04-16 21:52:50,646 Resetting dropped connection: i.instagram.com
2017-04-16 21:52:51,846 Resetting dropped connection: i.instagram.com
2017-04-16 21:52:52,347 Resetting dropped connection: i.instagram.com
2017-04-16 21:52:52,715 Resetting dropped connection: i.instagram.com
2017-04-16 21:52:53,075 Resetting dropped connection: i.instagram.com
2017-04-16 21:52:53,425 Resetting dropped connection: i.instagram.com
2017-04-16 21:52:53,781 Resetting dropped connection: i.instagram.com
2017-04-16 21:52:54,190 Resetting dropped connection: i.instagram.com
2017-04-16 21:52:54,551 Resetting dropped connection: i.instagram.com
2017-04-16 21:52:54,945 Resetting dropped connection: i.instagram.com
2017-04-16 21:52:55,321 Resetting dropped connection: i.instagram.com
2017-04-16 21:52:55,682 Resetting dropped connection: i.instagram.com
2017-04-16 21:52:56,051 Resetting dropped connection: i.instagram.com
2017-04-16 21:52:56,399 Resetting dropped connection: i.instagram.com
2017-04-16 21:52:56,746 Resetting dropped connection: i.instagram.com
2017-04-16 21:52:57,090 Resetting dropped connection: i.instagram.com
2017-04-16 21:52:57,453 Resetting dropped connection: i.instagram.com
2017-04-16 21:52:57,804 Resetting dropped connection: i.instagram.com
2017-04-16 21:52:58,163 Resetting dropped connection: i.instagram.com
2017-04-16 21:52:58,520 Resetting dropped connection: i.instagram.com
2017-04-16 21:52:58,879 Starting new HTTP connection (1): scontent-arn2-1.cdninstagram.com
2017-04-16 21:52:59,288 Starting new HTTP connection (1): scontent-arn2-1.cdninstagram.com
2017-04-16 21:52:59,499 Starting new HTTP connection (1): scontent-arn2-1.cdninstagram.com
2017-04-16 21:52:59,755 Starting new HTTP connection (1): scontent-arn2-1.cdninstagram.com
2017-04-16 21:52:59,973 Starting new HTTP connection (1): scontent-arn2-1.cdninstagram.com
2017-04-16 21:53:00,256 Starting new HTTP connection (1): scontent-arn2-1.cdninstagram.com
2017-04-16 21:53:00,663 Starting new HTTP connection (1): scontent-arn2-1.cdninstagram.com
2017-04-16 21:53:00,880 Starting new HTTP connection (1): scontent-arn2-1.cdninstagram.com
2017-04-16 21:53:01,190 Starting new HTTP connection (1): scontent-arn2-1.cdninstagram.com
2017-04-16 21:53:01,390 Starting new HTTP connection (1): scontent-arn2-1.cdninstagram.com
2017-04-16 21:53:01,684 Starting new HTTP connection (1): scontent-arn2-1.cdninstagram.com
2017-04-16 21:53:02,014 Starting new HTTP connection (1): scontent-arn2-1.cdninstagram.com
2017-04-16 21:53:02,364 Starting new HTTP connection (1): scontent-arn2-1.cdninstagram.com
2017-04-16 21:53:02,554 Starting new HTTP connection (1): scontent-arn2-1.cdninstagram.com
2017-04-16 21:53:02,852 Starting new HTTP connection (1): scontent-arn2-1.cdninstagram.com
2017-04-16 21:53:03,141 Starting new HTTP connection (1): scontent-arn2-1.cdninstagram.com
2017-04-16 21:53:03,337 Resetting dropped connection: i.instagram.com
2017-04-16 21:53:03,678 Bot stopped. Worked: 1:35:55.404635
2017-04-16 21:53:03,678 Total requests: 403
2017-04-16 21:53:20,905 Instabot Started
2017-04-16 21:53:20,925 Starting new HTTPS connection (1): i.instagram.com
2017-04-16 21:53:21,316 Resetting dropped connection: i.instagram.com
2017-04-16 21:53:21,937 Login success as ohrana228!
2017-04-16 21:53:21,941 Resetting dropped connection: i.instagram.com
2017-04-16 21:53:23,101 Resetting dropped connection: i.instagram.com
2017-04-16 21:53:23,587 Resetting dropped connection: i.instagram.com
2017-04-16 21:53:23,946 Resetting dropped connection: i.instagram.com
2017-04-16 21:53:24,305 Resetting dropped connection: i.instagram.com
2017-04-16 21:53:24,663 Resetting dropped connection: i.instagram.com
2017-04-16 21:53:25,016 Resetting dropped connection: i.instagram.com
2017-04-16 21:53:25,373 Resetting dropped connection: i.instagram.com
2017-04-16 21:53:25,738 Resetting dropped connection: i.instagram.com
2017-04-16 21:53:26,097 Resetting dropped connection: i.instagram.com
2017-04-16 21:53:26,460 Resetting dropped connection: i.instagram.com
2017-04-16 21:53:26,813 Resetting dropped connection: i.instagram.com
2017-04-16 21:53:27,178 Resetting dropped connection: i.instagram.com
2017-04-16 21:53:27,531 Resetting dropped connection: i.instagram.com
2017-04-16 21:53:27,944 Resetting dropped connection: i.instagram.com
2017-04-16 21:53:28,301 Resetting dropped connection: i.instagram.com
2017-04-16 21:53:28,650 Resetting dropped connection: i.instagram.com
2017-04-16 21:53:29,007 Resetting dropped connection: i.instagram.com
2017-04-16 21:53:29,358 Resetting dropped connection: i.instagram.com
2017-04-16 21:53:29,716 Resetting dropped connection: i.instagram.com
2017-04-16 21:53:30,082 Starting new HTTP connection (1): scontent-arn2-1.cdninstagram.com
2017-04-16 21:53:30,370 Starting new HTTP connection (1): scontent-arn2-1.cdninstagram.com
2017-04-16 21:53:30,580 Starting new HTTP connection (1): scontent-arn2-1.cdninstagram.com
2017-04-16 21:53:30,835 Starting new HTTP connection (1): scontent-arn2-1.cdninstagram.com
2017-04-16 21:53:31,062 Starting new HTTP connection (1): scontent-arn2-1.cdninstagram.com
2017-04-16 21:53:31,366 Starting new HTTP connection (1): scontent-arn2-1.cdninstagram.com
2017-04-16 21:53:31,945 Starting new HTTP connection (1): scontent-arn2-1.cdninstagram.com
2017-04-16 21:53:32,187 Starting new HTTP connection (1): scontent-arn2-1.cdninstagram.com
2017-04-16 21:53:32,482 Starting new HTTP connection (1): scontent-arn2-1.cdninstagram.com
2017-04-16 21:53:32,679 Starting new HTTP connection (1): scontent-arn2-1.cdninstagram.com
2017-04-16 21:53:32,973 Starting new HTTP connection (1): scontent-arn2-1.cdninstagram.com
2017-04-16 21:53:33,265 Starting new HTTP connection (1): scontent-arn2-1.cdninstagram.com
2017-04-16 21:53:33,564 Starting new HTTP connection (1): scontent-arn2-1.cdninstagram.com
2017-04-16 21:53:33,753 Starting new HTTP connection (1): scontent-arn2-1.cdninstagram.com
2017-04-16 21:53:34,084 Starting new HTTP connection (1): scontent-arn2-1.cdninstagram.com
2017-04-16 21:53:34,367 Starting new HTTP connection (1): scontent-arn2-1.cdninstagram.com
2017-04-16 21:53:34,584 Resetting dropped connection: i.instagram.com
2017-04-16 21:53:34,984 Bot stopped. Worked: 1:36:26.710900
2017-04-16 21:53:34,985 Total requests: 423
2017-04-16 21:56:16,846 Instabot Started
2017-04-16 21:56:16,869 Starting new HTTPS connection (1): i.instagram.com
2017-04-16 21:56:17,251 Resetting dropped connection: i.instagram.com
2017-04-16 21:56:17,951 Login success as ohrana228!
2017-04-16 21:56:17,954 Resetting dropped connection: i.instagram.com
2017-04-16 21:56:18,886 Resetting dropped connection: i.instagram.com
2017-04-16 21:56:19,345 Resetting dropped connection: i.instagram.com
2017-04-16 21:56:19,691 Resetting dropped connection: i.instagram.com
2017-04-16 21:56:20,064 Resetting dropped connection: i.instagram.com
2017-04-16 21:56:20,428 Resetting dropped connection: i.instagram.com
2017-04-16 21:56:20,780 Resetting dropped connection: i.instagram.com
2017-04-16 21:56:21,135 Resetting dropped connection: i.instagram.com
2017-04-16 21:56:21,510 Resetting dropped connection: i.instagram.com
2017-04-16 21:56:21,896 Resetting dropped connection: i.instagram.com
2017-04-16 21:56:22,286 Resetting dropped connection: i.instagram.com
2017-04-16 21:56:22,641 Resetting dropped connection: i.instagram.com
2017-04-16 21:56:23,017 Resetting dropped connection: i.instagram.com
2017-04-16 21:56:23,366 Resetting dropped connection: i.instagram.com
2017-04-16 21:56:23,737 Resetting dropped connection: i.instagram.com
2017-04-16 21:56:24,096 Resetting dropped connection: i.instagram.com
2017-04-16 21:56:24,472 Resetting dropped connection: i.instagram.com
2017-04-16 21:56:24,831 Resetting dropped connection: i.instagram.com
2017-04-16 21:56:25,273 Resetting dropped connection: i.instagram.com
2017-04-16 21:56:25,782 Resetting dropped connection: i.instagram.com
2017-04-16 21:56:26,214 Resetting dropped connection: i.instagram.com
2017-04-16 21:56:26,559 Bot stopped. Worked: 1:39:18.285592
2017-04-16 21:56:26,559 Total requests: 443
2017-04-16 21:56:43,994 Instabot Started
2017-04-16 21:56:44,007 Starting new HTTPS connection (1): i.instagram.com
2017-04-16 21:56:44,357 Resetting dropped connection: i.instagram.com
2017-04-16 21:56:44,949 Login success as ohrana228!
2017-04-16 21:56:44,952 Resetting dropped connection: i.instagram.com
2017-04-16 21:56:45,942 Resetting dropped connection: i.instagram.com
2017-04-16 21:56:46,593 Resetting dropped connection: i.instagram.com
2017-04-16 21:56:46,970 Resetting dropped connection: i.instagram.com
2017-04-16 21:56:47,327 Resetting dropped connection: i.instagram.com
2017-04-16 21:56:47,716 Resetting dropped connection: i.instagram.com
2017-04-16 21:56:48,072 Resetting dropped connection: i.instagram.com
2017-04-16 21:56:48,456 Resetting dropped connection: i.instagram.com
2017-04-16 21:56:48,837 Resetting dropped connection: i.instagram.com
2017-04-16 21:56:49,213 Resetting dropped connection: i.instagram.com
2017-04-16 21:56:49,574 Resetting dropped connection: i.instagram.com
2017-04-16 21:56:49,932 Resetting dropped connection: i.instagram.com
2017-04-16 21:56:50,288 Resetting dropped connection: i.instagram.com
2017-04-16 21:56:50,628 Resetting dropped connection: i.instagram.com
2017-04-16 21:56:50,992 Resetting dropped connection: i.instagram.com
2017-04-16 21:56:51,345 Resetting dropped connection: i.instagram.com
2017-04-16 21:56:51,700 Resetting dropped connection: i.instagram.com
2017-04-16 21:56:52,045 Resetting dropped connection: i.instagram.com
2017-04-16 21:56:52,496 Resetting dropped connection: i.instagram.com
2017-04-16 21:56:52,891 Resetting dropped connection: i.instagram.com
2017-04-16 21:56:53,246 Resetting dropped connection: i.instagram.com
2017-04-16 21:56:53,587 Bot stopped. Worked: 1:39:45.313385
2017-04-16 21:56:53,587 Total requests: 463
2017-04-16 21:57:48,635 Instabot Started
2017-04-16 21:57:48,659 Starting new HTTPS connection (1): i.instagram.com
2017-04-16 21:57:49,036 Resetting dropped connection: i.instagram.com
2017-04-16 21:57:49,627 Login success as ohrana228!
2017-04-16 21:57:49,630 Resetting dropped connection: i.instagram.com
2017-04-16 21:57:50,784 Resetting dropped connection: i.instagram.com
2017-04-16 21:57:51,287 Resetting dropped connection: i.instagram.com
2017-04-16 21:57:51,633 Resetting dropped connection: i.instagram.com
2017-04-16 21:57:52,006 Resetting dropped connection: i.instagram.com
2017-04-16 21:57:52,357 Resetting dropped connection: i.instagram.com
2017-04-16 21:57:52,710 Resetting dropped connection: i.instagram.com
2017-04-16 21:57:53,123 Resetting dropped connection: i.instagram.com
2017-04-16 21:57:53,494 Resetting dropped connection: i.instagram.com
2017-04-16 21:57:53,872 Resetting dropped connection: i.instagram.com
2017-04-16 21:57:54,228 Resetting dropped connection: i.instagram.com
2017-04-16 21:57:54,571 Resetting dropped connection: i.instagram.com
2017-04-16 21:57:54,927 Resetting dropped connection: i.instagram.com
2017-04-16 21:57:55,266 Resetting dropped connection: i.instagram.com
2017-04-16 21:57:55,622 Resetting dropped connection: i.instagram.com
2017-04-16 21:57:55,984 Resetting dropped connection: i.instagram.com
2017-04-16 21:57:56,343 Resetting dropped connection: i.instagram.com
2017-04-16 21:57:56,703 Resetting dropped connection: i.instagram.com
2017-04-16 21:57:57,054 Resetting dropped connection: i.instagram.com
2017-04-16 21:57:57,417 Resetting dropped connection: i.instagram.com
2017-04-16 21:57:57,832 Starting new HTTP connection (1): scontent-arn2-1.cdninstagram.com
2017-04-16 21:57:58,209 Starting new HTTP connection (1): scontent-arn2-1.cdninstagram.com
2017-04-16 21:57:58,455 Starting new HTTP connection (1): scontent-arn2-1.cdninstagram.com
2017-04-16 21:57:58,725 Starting new HTTP connection (1): scontent-arn2-1.cdninstagram.com
2017-04-16 21:57:58,950 Resetting dropped connection: i.instagram.com
2017-04-16 21:57:59,292 Bot stopped. Worked: 1:40:51.018602
2017-04-16 21:57:59,292 Total requests: 483
2017-04-16 21:59:41,510 Instabot Started
2017-04-16 21:59:41,539 Starting new HTTPS connection (1): i.instagram.com
2017-04-16 21:59:41,936 Resetting dropped connection: i.instagram.com
2017-04-16 21:59:42,478 Login success as ohrana228!
2017-04-16 21:59:42,481 Resetting dropped connection: i.instagram.com
2017-04-16 21:59:43,463 Resetting dropped connection: i.instagram.com
2017-04-16 21:59:43,966 Resetting dropped connection: i.instagram.com
2017-04-16 21:59:44,333 Resetting dropped connection: i.instagram.com
2017-04-16 21:59:44,689 Resetting dropped connection: i.instagram.com
2017-04-16 21:59:45,047 Resetting dropped connection: i.instagram.com
2017-04-16 21:59:47,101 Resetting dropped connection: i.instagram.com
2017-04-16 21:59:47,484 Resetting dropped connection: i.instagram.com
2017-04-16 21:59:47,865 Resetting dropped connection: i.instagram.com
2017-04-16 21:59:48,228 Resetting dropped connection: i.instagram.com
2017-04-16 21:59:48,584 Resetting dropped connection: i.instagram.com
2017-04-16 21:59:48,952 Resetting dropped connection: i.instagram.com
2017-04-16 21:59:49,315 Resetting dropped connection: i.instagram.com
2017-04-16 21:59:49,741 Resetting dropped connection: i.instagram.com
2017-04-16 21:59:50,091 Resetting dropped connection: i.instagram.com
2017-04-16 21:59:50,453 Resetting dropped connection: i.instagram.com
2017-04-16 21:59:50,807 Resetting dropped connection: i.instagram.com
2017-04-16 21:59:51,153 Resetting dropped connection: i.instagram.com
2017-04-16 21:59:51,520 Resetting dropped connection: i.instagram.com
2017-04-16 21:59:52,977 Resetting dropped connection: i.instagram.com
2017-04-16 21:59:53,502 Starting new HTTP connection (1): scontent-arn2-1.cdninstagram.com
2017-04-16 21:59:53,833 Starting new HTTP connection (1): scontent-arn2-1.cdninstagram.com
2017-04-16 21:59:54,039 Starting new HTTP connection (1): scontent-arn2-1.cdninstagram.com
2017-04-16 21:59:54,339 Starting new HTTP connection (1): scontent-arn2-1.cdninstagram.com
2017-04-16 21:59:54,580 Resetting dropped connection: i.instagram.com
2017-04-16 21:59:54,914 Bot stopped. Worked: 1:42:46.640187
2017-04-16 21:59:54,914 Total requests: 503
2017-04-16 22:00:10,853 Instabot Started
2017-04-16 22:00:11,882 Login success as ohrana228!
2017-04-16 22:00:18,257 Instabot Started
2017-04-16 22:00:26,284 Instabot Started
2017-04-16 22:00:27,287 Login success as ohrana228!
2017-04-16 22:00:35,989 Bot stopped. Worked: 0:00:09.704915
2017-04-16 22:00:35,989 Total requests: 23
2017-04-16 22:02:05,516 Instabot Started
2017-04-16 22:02:06,594 Login success as ohrana228!
2017-04-16 22:02:20,292 Bot stopped. Worked: 0:01:54.007896
2017-04-16 22:02:20,292 Total requests: 43
2017-04-16 22:02:23,693 Instabot Started
2017-04-16 22:02:24,701 Login success as ohrana228!
2017-04-16 22:02:37,787 Bot stopped. Worked: 0:02:11.503070
2017-04-16 22:02:37,787 Total requests: 63
2017-04-16 22:03:56,754 Instabot Started
2017-04-16 22:03:57,769 Login success as ohrana228!
2017-04-16 22:04:06,409 Bot stopped. Worked: 0:03:40.124774
2017-04-16 22:04:06,409 Total requests: 83
2017-04-16 22:04:44,702 Instabot Started
2017-04-16 22:04:45,749 Login success as ohrana228!
2017-04-16 22:04:58,449 Bot stopped. Worked: 0:04:32.165595
2017-04-16 22:04:58,450 Total requests: 103
2017-04-16 22:05:11,119 Instabot Started
2017-04-16 22:05:12,125 Login success as ohrana228!
2017-04-16 22:05:24,423 Bot stopped. Worked: 0:04:58.139092
2017-04-16 22:05:24,423 Total requests: 123
2017-04-16 22:07:26,298 Instabot Started
2017-04-16 22:07:27,311 Login success as ohrana228!
2017-04-16 22:07:40,319 Bot stopped. Worked: 0:07:14.035446
2017-04-16 22:07:40,320 Total requests: 143
2017-04-16 22:07:53,663 Instabot Started
2017-04-16 22:07:54,632 Login success as ohrana228!
2017-04-16 22:08:09,087 Bot stopped. Worked: 0:07:42.803589
2017-04-16 22:08:09,088 Total requests: 163
2017-04-16 22:11:24,379 Instabot Started
2017-04-16 22:11:25,781 Login success as ohrana228!
2017-04-16 22:11:26,823 Bot stopped. Worked: 0:11:00.539480
2017-04-16 22:11:26,824 Total requests: 164
2017-04-16 22:11:57,989 Instabot Started
2017-04-16 22:11:58,975 Login success as ohrana228!
2017-04-16 22:11:59,679 Bot stopped. Worked: 0:11:33.394976
2017-04-16 22:11:59,679 Total requests: 165
2017-04-16 22:16:23,948 Instabot Started
2017-04-16 22:16:25,079 Login success as ohrana228!
2017-04-16 22:16:39,217 Bot stopped. Worked: 0:16:12.933105
2017-04-16 22:16:39,217 Total requests: 185
2017-04-16 22:16:41,118 Instabot Started
2017-04-16 22:16:42,111 Login success as ohrana228!
2017-04-16 22:16:42,455 Bot stopped. Worked: 0:16:16.171080
2017-04-16 22:16:42,455 Total requests: 185
2017-04-16 22:16:56,829 Instabot Started
2017-04-16 22:16:57,907 Login success as ohrana228!
2017-04-16 22:16:58,859 Bot stopped. Worked: 0:16:32.575668
2017-04-16 22:16:58,860 Total requests: 186
2017-04-16 22:18:05,102 Instabot Started
2017-04-16 22:18:06,226 Login success as ohrana228!
2017-04-16 22:18:06,969 Bot stopped. Worked: 0:17:40.684732
2017-04-16 22:18:06,969 Total requests: 187
2017-04-16 22:18:15,200 Instabot Started
2017-04-16 22:18:16,626 Login success as ohrana228!
2017-04-16 22:18:17,703 Bot stopped. Worked: 0:17:51.419350
2017-04-16 22:18:17,703 Total requests: 189
2017-04-16 22:19:34,021 Instabot Started
2017-04-16 22:19:35,111 Login success as ohrana228!
2017-04-16 22:19:36,229 Bot stopped. Worked: 0:19:09.944659
2017-04-16 22:19:36,229 Total requests: 191
2017-04-16 23:08:23,326 Instabot Started
2017-04-16 23:08:24,540 Login success as ohrana228!
2017-04-16 23:08:42,084 Request return 404 error!
2017-04-16 23:08:43,284 Request return 404 error!
2017-04-16 23:08:43,623 Bot stopped. Worked: 1:08:17.339668
2017-04-16 23:08:43,624 Total requests: 231
2017-04-16 23:09:05,256 Instabot Started
2017-04-16 23:09:06,575 Login success as ohrana228!
2017-04-16 23:09:24,688 Request return 404 error!
2017-04-16 23:09:25,780 ("Connection broken: error(54, 'Connection reset by peer')", error(54, 'Connection reset by peer'))
2017-04-16 23:09:26,133 Bot stopped. Worked: 1:08:59.849224
2017-04-16 23:09:26,133 Total requests: 271
2017-04-16 23:25:27,421 Instabot Started
2017-04-16 23:25:29,490 Login success as ohrana228!
2017-04-16 23:25:45,361 Bot stopped. Worked: 1:25:19.077397
2017-04-16 23:25:45,361 Total requests: 309
2017-04-16 23:26:37,191 Instabot Started
2017-04-16 23:26:38,469 Login success as ohrana228!
2017-04-16 23:26:55,425 Request return 404 error!
2017-04-16 23:26:56,462 Request return 404 error!
2017-04-16 23:26:57,634 Request return 404 error!
2017-04-16 23:26:57,634 This is a closed account.
2017-04-16 23:26:57,973 Bot stopped. Worked: 1:26:31.689191
2017-04-16 23:26:57,973 Total requests: 350
2017-04-16 23:27:59,029 Instabot Started
2017-04-16 23:28:00,086 Login success as ohrana228!
2017-04-16 23:28:21,528 Request return 404 error!
2017-04-16 23:28:22,700 Request return 404 error!
2017-04-16 23:28:23,991 Request return 404 error!
2017-04-16 23:28:23,992 This is a closed account.
2017-04-16 23:28:24,344 Bot stopped. Worked: 1:27:58.059906
2017-04-16 23:28:24,344 Total requests: 391
2017-04-16 23:29:53,344 Instabot Started
2017-04-16 23:29:54,411 Login success as ohrana228!
2017-04-16 23:30:10,672 Bot stopped. Worked: 1:29:44.388338
2017-04-16 23:30:10,672 Total requests: 410
2017-04-16 23:52:42,378 Instabot Started
2017-04-16 23:52:43,373 Login success as ohrana228!
2017-04-16 23:52:52,766 Bot stopped. Worked: 1:52:26.482211
2017-04-16 23:52:52,766 Total requests: 429
2017-04-16 23:53:37,928 Instabot Started
2017-04-16 23:53:39,005 Login success as ohrana228!
2017-04-16 23:53:39,940 Bot stopped. Worked: 1:53:13.655917
2017-04-16 23:53:39,940 Total requests: 430
2017-04-16 23:53:54,177 Instabot Started
2017-04-16 23:53:55,278 Login success as ohrana228!
2017-04-16 23:53:57,149 Bot stopped. Worked: 1:53:30.865382
2017-04-16 23:53:57,149 Total requests: 432
2017-04-16 23:56:15,947 Instabot Started
2017-04-16 23:56:20,937 Login success as ohrana228!
2017-04-16 23:56:37,168 Bot stopped. Worked: 1:56:10.883974
2017-04-16 23:56:37,168 Total requests: 470
2017-04-16 23:56:41,640 Instabot Started
2017-04-16 23:56:42,702 Login success as ohrana228!
2017-04-16 23:56:44,396 Bot stopped. Worked: 1:56:18.111964
2017-04-16 23:56:44,396 Total requests: 472
2017-04-16 23:57:48,550 Instabot Started
2017-04-16 23:57:49,589 Login success as ohrana228!
2017-04-16 23:57:51,432 Bot stopped. Worked: 1:57:25.148069
2017-04-16 23:57:51,432 Total requests: 474
2017-04-16 23:58:23,345 Instabot Started
2017-04-16 23:58:24,431 Login success as ohrana228!
2017-04-16 23:58:40,255 Bot stopped. Worked: 1:58:13.971593
2017-04-16 23:58:40,256 Total requests: 512
2017-04-17 00:00:50,694 Instabot Started
2017-04-17 00:00:51,717 Login success as ohrana228!
2017-04-17 00:01:07,789 Bot stopped. Worked: 2:00:41.505635
2017-04-17 00:01:07,790 Total requests: 550
2017-04-17 00:07:08,072 Instabot Started
2017-04-17 00:07:09,531 Login success as ohrana228!
2017-04-17 00:07:29,872 Request return 404 error!
2017-04-17 00:07:30,962 Request return 404 error!
2017-04-17 00:07:31,952 Request return 404 error!
2017-04-17 00:07:31,953 This is a closed account.
2017-04-17 00:07:32,306 Bot stopped. Worked: 2:07:06.022516
2017-04-17 00:07:32,307 Total requests: 591
2017-04-17 00:11:20,880 Instabot Started
2017-04-17 00:11:21,859 Login success as ohrana228!
2017-04-17 00:11:23,701 Bot stopped. Worked: 2:10:57.417642
2017-04-17 00:11:23,702 Total requests: 593
2017-04-17 00:11:26,424 Instabot Started
2017-04-17 00:11:27,395 Login success as ohrana228!
2017-04-17 00:12:14,637 Request return 400 error!
2017-04-17 00:12:14,637 This is a closed account.
2017-04-17 00:12:53,432 Bot stopped. Worked: 2:12:27.148191
2017-04-17 00:12:53,432 Total requests: 708
2017-04-17 00:13:43,762 Instabot Started
2017-04-17 00:13:44,849 Login success as ohrana228!
2017-04-17 00:13:46,645 Bot stopped. Worked: 2:13:20.361620
2017-04-17 00:13:46,646 Total requests: 710
2017-04-17 00:14:02,061 Instabot Started
2017-04-17 00:14:02,993 Login success as ohrana228!
2017-04-17 00:14:04,913 Bot stopped. Worked: 2:13:38.628803
2017-04-17 00:14:04,913 Total requests: 712
2017-04-17 00:14:27,899 Instabot Started
2017-04-17 00:14:28,933 Login success as ohrana228!
2017-04-17 00:14:53,861 Bot stopped. Worked: 2:14:27.576947
2017-04-17 00:14:53,861 Total requests: 767
2017-04-17 00:14:55,302 Instabot Started
2017-04-17 00:14:56,253 Login success as ohrana228!
2017-04-17 00:14:58,229 Bot stopped. Worked: 2:14:31.945128
2017-04-17 00:14:58,229 Total requests: 769
2017-04-17 00:16:26,560 Instabot Started
2017-04-17 00:16:27,569 Login success as ohrana228!
2017-04-17 00:16:32,565 Bot stopped. Worked: 2:16:06.281042
2017-04-17 00:16:32,565 Total requests: 771
2017-04-17 00:16:35,093 Instabot Started
2017-04-17 00:16:36,015 Login success as ohrana228!
2017-04-17 00:16:40,955 Bot stopped. Worked: 2:16:14.671480
2017-04-17 00:16:40,956 Total requests: 773
2017-04-17 00:16:48,694 Instabot Started
2017-04-17 00:16:49,779 Login success as ohrana228!
2017-04-17 00:16:54,734 Bot stopped. Worked: 2:16:28.450020
2017-04-17 00:16:54,734 Total requests: 775
2017-04-17 00:17:00,400 Instabot Started
2017-04-17 00:17:01,468 Login success as ohrana228!
2017-04-17 00:17:06,310 Bot stopped. Worked: 2:16:40.026473
2017-04-17 00:17:06,311 Total requests: 777
2017-04-17 00:19:15,520 Instabot Started
2017-04-17 00:19:16,630 Login success as ohrana228!
2017-04-17 00:19:36,025 Bot stopped. Worked: 2:19:09.741202
2017-04-17 00:19:36,025 Total requests: 808
2017-04-17 00:20:58,743 Instabot Started
2017-04-17 00:20:59,745 Login success as ohrana228!
2017-04-17 00:21:45,010 Request return 400 error!
2017-04-17 00:21:45,011 This is a closed account.
2017-04-17 00:22:14,792 Bot stopped. Worked: 2:21:48.507916
2017-04-17 00:22:14,792 Total requests: 923
2017-04-17 00:28:48,960 Instabot Started
2017-04-17 00:28:50,087 Login success as ohrana228!
2017-04-17 00:29:04,344 Bot stopped. Worked: 2:28:38.060134
2017-04-17 00:29:04,344 Total requests: 943
2017-04-17 00:32:35,121 Instabot Started
2017-04-17 00:32:36,092 Login success as ohrana228!
2017-04-17 00:32:46,389 Bot stopped. Worked: 2:32:20.105700
2017-04-17 00:32:46,390 Total requests: 957
2017-04-17 00:32:52,669 Instabot Started
2017-04-17 00:32:53,808 Login success as ohrana228!
2017-04-17 00:33:03,557 Bot stopped. Worked: 2:32:37.272954
2017-04-17 00:33:03,557 Total requests: 971
2017-04-17 00:33:05,731 Instabot Started
2017-04-17 00:33:07,233 Login success as ohrana228!
2017-04-17 00:33:22,894 Bot stopped. Worked: 2:32:56.610250
2017-04-17 00:33:22,894 Total requests: 991
2017-04-17 00:33:25,428 Instabot Started
2017-04-17 00:33:26,390 Login success as ohrana228!
2017-04-17 00:33:39,511 Bot stopped. Worked: 2:33:13.227309
2017-04-17 00:33:39,511 Total requests: 1011
2017-04-17 00:34:02,492 Instabot Started
2017-04-17 00:34:03,559 Login success as ohrana228!
2017-04-17 00:34:14,560 Bot stopped. Worked: 2:33:48.276275
2017-04-17 00:34:14,560 Total requests: 1031
2017-04-17 00:34:18,163 Instabot Started
2017-04-17 00:34:19,103 Login success as ohrana228!
2017-04-17 00:34:30,133 Bot stopped. Worked: 2:34:03.848726
2017-04-17 00:34:30,133 Total requests: 1051
2017-04-17 00:34:33,268 Instabot Started
2017-04-17 00:34:34,224 Request return 400 error!
2017-04-17 00:34:34,224 Login or password is incorrect.
2017-04-17 00:34:41,012 Instabot Started
2017-04-17 00:34:42,013 Request return 400 error!
2017-04-17 00:34:42,014 Login or password is incorrect.
2017-04-17 00:37:44,607 Instabot Started
2017-04-17 00:37:45,698 Request return 400 error!
2017-04-17 00:37:45,699 Login or password is incorrect.
2017-04-17 00:39:30,635 Instabot Started
2017-04-17 00:39:31,656 Request return 400 error!
2017-04-17 00:39:31,656 Login or password is incorrect.
2017-04-17 00:40:18,450 Instabot Started
2017-04-17 00:40:21,349 Request return 400 error!
2017-04-17 00:40:21,350 Login or password is incorrect.
2017-04-17 00:40:51,187 Instabot Started
2017-04-17 00:40:52,156 Request return 400 error!
2017-04-17 00:40:52,156 Login or password is incorrect.
2017-04-17 00:41:48,924 Instabot Started
2017-04-17 00:41:49,931 Request return 400 error!
2017-04-17 00:41:49,931 Login or password is incorrect.
2017-04-17 00:50:06,035 Instabot Started
2017-04-17 00:50:06,983 Request return 400 error!
2017-04-17 00:50:06,984 Login or password is incorrect.
2017-04-17 00:52:28,617 Instabot Started
2017-04-17 00:52:29,613 Request return 400 error!
2017-04-17 00:52:29,615 Login or password is incorrect.
2017-04-17 00:53:14,586 Instabot Started
2017-04-17 00:53:15,493 Request return 400 error!
2017-04-17 00:53:15,496 Login or password is incorrect.
2017-04-17 00:53:26,281 Instabot Started
2017-04-17 00:53:27,173 Request return 400 error!
2017-04-17 00:53:27,178 Login or password is incorrect.
2017-04-17 00:55:34,477 Instabot Started
2017-04-17 00:55:35,469 Request return 400 error!
2017-04-17 00:55:35,475 Login or password is incorrect.
2017-04-17 00:55:44,583 Instabot Started
2017-04-17 00:55:45,598 Request return 400 error!
2017-04-17 00:55:45,598 Login or password is incorrect.
2017-04-17 00:55:53,104 Instabot Started
2017-04-17 00:55:54,027 Request return 400 error!
2017-04-17 00:55:54,035 Login or password is incorrect.
2017-04-17 00:56:46,208 Instabot Started
2017-04-17 00:56:47,284 Request return 400 error!
2017-04-17 00:56:47,292 Login or password is incorrect.
2017-04-17 00:59:21,173 Instabot Started
2017-04-17 00:59:22,741 Request return 400 error!
2017-04-17 00:59:22,752 Login or password is incorrect.
2017-04-17 01:00:00,580 Instabot Started
2017-04-17 01:00:02,319 Request return 400 error!
2017-04-17 01:00:02,319 Login or password is incorrect.
2017-04-17 01:00:37,735 Instabot Started
2017-04-17 01:00:39,142 Request return 400 error!
2017-04-17 01:00:39,155 Login or password is incorrect.
2017-04-17 01:18:45,831 Instabot Started
2017-04-17 01:18:49,873 Request return 400 error!
2017-04-17 01:18:49,895 Login or password is incorrect.
2017-04-17 01:19:07,288 Instabot Started
2017-04-17 01:19:07,304 Starting new HTTPS connection (1): i.instagram.com
2017-04-17 01:19:07,726 Resetting dropped connection: i.instagram.com
2017-04-17 01:19:08,406 Request return 400 error!
2017-04-17 01:19:08,408 Login or password is incorrect.
2017-04-17 01:19:15,737 Instabot Started
2017-04-17 01:19:16,788 Request return 400 error!
2017-04-17 01:19:16,789 Login or password is incorrect.
2017-04-17 01:50:35,247 Instabot Started
2017-04-17 01:50:37,459 Request return 400 error!
2017-04-17 01:50:37,460 Login or password is incorrect.
2017-04-17 01:51:32,721 Instabot Started
2017-04-17 01:51:38,154 Request return 400 error!
2017-04-17 01:51:38,155 Login or password is incorrect.
2017-04-17 01:52:39,242 Instabot Started
2017-04-17 01:52:40,840 Request return 400 error!
2017-04-17 01:52:40,840 Login or password is incorrect.
2017-04-17 01:59:34,696 Instabot Started
2017-04-17 02:00:51,615 Request return 400 error!
2017-04-17 02:00:51,623 Login or password is incorrect.
2017-04-17 10:17:24,545 Instabot Started
2017-04-17 10:18:13,923 Instabot Started
2017-04-17 10:20:06,377 Instabot Started
2017-04-17 10:20:51,093 Instabot Started
2017-04-17 10:55:38,653 Instabot Started
2017-04-17 10:56:38,111 Uncaught exception, closing connection.
Traceback (most recent call last):
  File "/usr/local/lib/python2.7/site-packages/zmq/eventloop/zmqstream.py", line 414, in _run_callback
    callback(*args, **kwargs)
  File "/usr/local/lib/python2.7/site-packages/tornado/stack_context.py", line 275, in null_wrapper
    return fn(*args, **kwargs)
  File "/usr/local/lib/python2.7/site-packages/ipykernel/kernelbase.py", line 276, in dispatcher
    return self.dispatch_shell(stream, msg)
  File "/usr/local/lib/python2.7/site-packages/ipykernel/kernelbase.py", line 228, in dispatch_shell
    handler(stream, idents, msg)
  File "/usr/local/lib/python2.7/site-packages/ipykernel/kernelbase.py", line 412, in execute_request
    self._abort_queues()
  File "/usr/local/lib/python2.7/site-packages/ipykernel/kernelbase.py", line 628, in _abort_queues
    self._abort_queue(stream)
  File "/usr/local/lib/python2.7/site-packages/ipykernel/kernelbase.py", line 651, in _abort_queue
    poller.poll(50)
  File "/usr/local/lib/python2.7/site-packages/zmq/sugar/poll.py", line 99, in poll
    return zmq_poll(self.sockets, timeout=timeout)
  File "zmq/backend/cython/_poll.pyx", line 116, in zmq.backend.cython._poll.zmq_poll (zmq/backend/cython/_poll.c:2036)
  File "zmq/backend/cython/checkrc.pxd", line 12, in zmq.backend.cython.checkrc._check_rc (zmq/backend/cython/_poll.c:2418)
    PyErr_CheckSignals()
KeyboardInterrupt
2017-04-17 10:56:38,125 Uncaught exception, closing connection.
Traceback (most recent call last):
  File "/usr/local/lib/python2.7/site-packages/zmq/eventloop/zmqstream.py", line 440, in _handle_events
    self._handle_recv()
  File "/usr/local/lib/python2.7/site-packages/zmq/eventloop/zmqstream.py", line 472, in _handle_recv
    self._run_callback(callback, msg)
  File "/usr/local/lib/python2.7/site-packages/zmq/eventloop/zmqstream.py", line 414, in _run_callback
    callback(*args, **kwargs)
  File "/usr/local/lib/python2.7/site-packages/tornado/stack_context.py", line 275, in null_wrapper
    return fn(*args, **kwargs)
  File "/usr/local/lib/python2.7/site-packages/ipykernel/kernelbase.py", line 276, in dispatcher
    return self.dispatch_shell(stream, msg)
  File "/usr/local/lib/python2.7/site-packages/ipykernel/kernelbase.py", line 228, in dispatch_shell
    handler(stream, idents, msg)
  File "/usr/local/lib/python2.7/site-packages/ipykernel/kernelbase.py", line 412, in execute_request
    self._abort_queues()
  File "/usr/local/lib/python2.7/site-packages/ipykernel/kernelbase.py", line 628, in _abort_queues
    self._abort_queue(stream)
  File "/usr/local/lib/python2.7/site-packages/ipykernel/kernelbase.py", line 651, in _abort_queue
    poller.poll(50)
  File "/usr/local/lib/python2.7/site-packages/zmq/sugar/poll.py", line 99, in poll
    return zmq_poll(self.sockets, timeout=timeout)
  File "zmq/backend/cython/_poll.pyx", line 116, in zmq.backend.cython._poll.zmq_poll (zmq/backend/cython/_poll.c:2036)
  File "zmq/backend/cython/checkrc.pxd", line 12, in zmq.backend.cython.checkrc._check_rc (zmq/backend/cython/_poll.c:2418)
    PyErr_CheckSignals()
KeyboardInterrupt
2017-04-17 10:56:50,935 Instabot Started
2017-04-17 10:56:52,035 Login success as alexm.shots!
2017-04-17 10:57:08,054 Instabot Started
2017-04-17 10:57:09,062 Login success as ohrana228!
2017-04-17 11:06:03,640 Instabot Started
2017-04-17 11:06:04,575 Login success as ohrana228!
2017-04-17 11:06:54,211 Bot stopped. Worked: 13:06:27.926904
2017-04-17 11:06:54,215 Total requests: 1085
2017-04-17 11:06:54,553 Bot stopped. Worked: 13:06:28.268897
2017-04-17 11:06:54,556 Total requests: 1226
2017-04-17 11:06:55,336 Bot stopped. Worked: 0:10:04.400973
2017-04-17 11:06:55,340 Total requests: 3
2017-04-17 11:06:57,299 Instabot Started
2017-04-17 11:06:58,570 Login success as ohrana228!
2017-04-17 11:08:53,120 Instabot Started
2017-04-17 11:08:54,097 Login success as ohrana228!
2017-04-17 11:08:58,395 Instabot Started
2017-04-17 11:08:59,328 Login success as ohrana228!
2017-04-17 11:10:27,480 Bot stopped. Worked: 13:10:01.196419
2017-04-17 11:10:27,484 Total requests: 1246
2017-04-17 11:10:27,833 Bot stopped. Worked: 13:10:01.549640
2017-04-17 11:10:27,839 Total requests: 1226
2017-04-17 11:10:28,196 Bot stopped. Worked: 13:10:01.912503
2017-04-17 11:10:28,201 Total requests: 1246
2017-04-17 11:10:30,159 Instabot Started
2017-04-17 11:10:31,117 Login success as ohrana228!
2017-04-17 11:12:26,130 Instabot Started
2017-04-17 11:12:27,097 Login success as ohrana228!
2017-04-17 11:23:08,611 Instabot Started
2017-04-17 11:23:09,993 Login success as ohrana228!
2017-04-17 11:23:19,891 Bot stopped. Worked: 13:22:53.606980
2017-04-17 11:23:19,895 Total requests: 1253
2017-04-17 11:23:20,246 Bot stopped. Worked: 13:22:53.961890
2017-04-17 11:23:20,251 Total requests: 1266
2017-04-17 11:23:20,602 Bot stopped. Worked: 13:22:54.318535
2017-04-17 11:23:20,606 Total requests: 1266
2017-04-17 11:23:23,383 Instabot Started
2017-04-17 11:23:24,371 Login success as ohrana228!
2017-04-17 11:24:05,089 Bot stopped. Worked: 13:23:38.805589
2017-04-17 11:24:05,092 Total requests: 1267
2017-04-17 11:24:07,063 Instabot Started
2017-04-17 11:24:08,002 Login success as ohrana228!
2017-04-17 11:24:24,206 Bot stopped. Worked: 13:23:57.922692
2017-04-17 11:24:24,208 Total requests: 1269
2017-04-17 11:24:25,857 Instabot Started
2017-04-17 11:24:26,923 Login success as ohrana228!
2017-04-17 11:26:54,581 Bot stopped. Worked: 13:26:28.297250
2017-04-17 11:26:54,582 Total requests: 1271
2017-04-17 11:26:56,479 Instabot Started
2017-04-17 11:26:57,671 Login success as ohrana228!
2017-04-17 11:37:53,532 Bot stopped. Worked: 13:37:27.248066
2017-04-17 11:37:53,534 Total requests: 1277
2017-04-17 11:38:36,989 Instabot Started
2017-04-17 11:38:38,091 Login success as alexm.shots!
2017-04-17 11:38:43,313 Instabot Started
2017-04-17 11:38:44,232 Login success as ohrana228!
2017-04-17 11:40:53,371 Instabot Started
2017-04-17 11:40:54,272 Login success as ohrana228!
2017-04-17 11:40:58,027 Bot stopped. Worked: 13:40:31.742851
2017-04-17 11:40:58,035 Total requests: 1278
2017-04-17 11:40:58,401 Bot stopped. Worked: 13:40:32.117501
2017-04-17 11:40:58,405 Total requests: 1278
2017-04-17 11:40:59,206 Bot stopped. Worked: 0:44:08.271086
2017-04-17 11:40:59,210 Total requests: 3
2017-04-17 11:41:02,065 Instabot Started
2017-04-17 11:41:04,072 Login success as ohrana228!
2017-04-17 11:42:15,044 Bot stopped. Worked: 13:41:48.760663
2017-04-17 11:42:15,046 Total requests: 1279
2017-04-17 11:42:53,382 Instabot Started
2017-04-17 11:42:54,498 Login success as ohrana228!
2017-04-17 11:43:08,079 Bot stopped. Worked: 13:42:41.795133
2017-04-17 11:43:08,082 Total requests: 1280
2017-04-17 11:43:10,150 Instabot Started
2017-04-17 11:43:11,097 Login success as ohrana228!
2017-04-17 11:47:15,030 Bot stopped. Worked: 13:46:48.746188
2017-04-17 11:47:15,032 Total requests: 1281
2017-04-17 11:47:17,509 Instabot Started
2017-04-17 11:47:18,489 Login success as ohrana228!
2017-04-17 11:47:41,878 Bot stopped. Worked: 13:47:15.594094
2017-04-17 11:47:41,880 Total requests: 1282
2017-04-17 11:47:43,761 Instabot Started
2017-04-17 11:47:44,809 Login success as ohrana228!
2017-04-17 11:48:21,430 Bot stopped. Worked: 13:47:55.145964
2017-04-17 11:48:21,432 Total requests: 1283
2017-04-17 11:48:23,589 Instabot Started
2017-04-17 11:48:24,584 Login success as ohrana228!
2017-04-17 11:48:37,125 Bot stopped. Worked: 13:48:10.841391
2017-04-17 11:48:37,126 Total requests: 1284
2017-04-17 11:48:38,866 Instabot Started
2017-04-17 11:48:39,847 Login success as ohrana228!
2017-04-17 11:52:32,186 Instabot Started
2017-04-17 11:52:33,264 Login success as ohrana228!
2017-04-17 11:57:11,616 Instabot Started
2017-04-17 11:57:12,633 Login success as ohrana228!
2017-04-17 11:57:23,764 Instabot Started
2017-04-17 11:57:24,712 Login success as ohrana228!
2017-04-17 11:58:27,086 Instabot Started
2017-04-17 11:58:28,034 Login success as ohrana228!
2017-04-17 12:03:17,524 Instabot Started
2017-04-17 12:03:18,618 Login success as ohrana228!
2017-04-17 12:07:14,619 Bot stopped. Worked: 14:06:48.335330
2017-04-17 12:07:14,620 Total requests: 1285
2017-04-17 12:08:31,389 Instabot Started
2017-04-17 12:08:32,445 Login success as ohrana228!
2017-04-17 12:08:36,720 Instabot Started
2017-04-17 12:08:37,666 Login success as ohrana228!
2017-04-17 12:08:44,648 Instabot Started
2017-04-17 12:08:45,657 Login success as ohrana228!
2017-04-17 12:09:21,680 Bot stopped. Worked: 14:08:55.396229
2017-04-17 12:09:21,683 Total requests: 1286
2017-04-17 12:09:22,023 Bot stopped. Worked: 14:08:55.739719
2017-04-17 12:09:22,026 Total requests: 1286
2017-04-17 12:09:22,363 Bot stopped. Worked: 14:08:56.079348
2017-04-17 12:09:22,367 Total requests: 1285
2017-04-17 12:11:02,610 Instabot Started
2017-04-17 12:11:03,665 Login success as ohrana228!
2017-04-17 12:12:39,779 Bot stopped. Worked: 14:12:13.495542
2017-04-17 12:12:39,781 Total requests: 1288
2017-04-17 12:12:43,797 Instabot Started
2017-04-17 12:12:45,088 Login success as ohrana228!
2017-04-17 12:13:45,095 Bot stopped. Worked: 14:13:18.811276
2017-04-17 12:13:45,097 Total requests: 1289
2017-04-17 12:13:48,952 Instabot Started
2017-04-17 12:13:50,098 Login success as ohrana228!
2017-04-17 12:14:33,312 Bot stopped. Worked: 14:14:07.028589
2017-04-17 12:14:33,314 Total requests: 1290
2017-04-17 12:14:58,808 Instabot Started
2017-04-17 12:14:59,893 Login success as ohrana228!
2017-04-17 12:15:01,433 Instabot Started
2017-04-17 12:15:02,391 Login success as ohrana228!
2017-04-17 12:15:16,900 Bot stopped. Worked: 14:14:50.616499
2017-04-17 12:15:16,903 Total requests: 1291
2017-04-17 12:15:17,349 Bot stopped. Worked: 14:14:51.065004
2017-04-17 12:15:17,352 Total requests: 1290
2017-04-17 12:16:14,025 Instabot Started
2017-04-17 12:16:15,050 Login success as ohrana228!
2017-04-17 12:16:27,208 Bot stopped. Worked: 14:16:00.923839
2017-04-17 12:16:27,210 Total requests: 1291
2017-04-17 12:16:53,389 Instabot Started
2017-04-17 12:16:54,432 Login success as ohrana228!
2017-04-17 12:16:55,132 Instabot Started
2017-04-17 12:16:56,082 Login success as ohrana228!
2017-04-17 12:17:14,137 Bot stopped. Worked: 14:16:47.852980
2017-04-17 12:17:14,141 Total requests: 1292
2017-04-17 12:17:14,583 Bot stopped. Worked: 14:16:48.299075
2017-04-17 12:17:14,586 Total requests: 1292
2017-04-17 12:17:29,871 Instabot Started
2017-04-17 12:17:30,954 Login success as ohrana228!
2017-04-17 12:19:56,469 Bot stopped. Worked: 14:19:30.185577
2017-04-17 12:19:56,472 Total requests: 1293
2017-04-17 12:20:01,172 Instabot Started
2017-04-17 12:20:02,215 Login success as ohrana228!
2017-04-17 12:20:32,135 Bot stopped. Worked: 14:20:05.851145
2017-04-17 12:20:32,137 Total requests: 1294
2017-04-17 12:20:39,611 Instabot Started
2017-04-17 12:20:40,646 Login success as ohrana228!
2017-04-17 12:22:04,175 Bot stopped. Worked: 14:21:37.891557
2017-04-17 12:22:04,177 Total requests: 1295
2017-04-17 12:22:12,822 Instabot Started
2017-04-17 12:22:13,900 Login success as ohrana228!
2017-04-17 12:22:37,820 Bot stopped. Worked: 14:22:11.536549
2017-04-17 12:22:37,822 Total requests: 1296
2017-04-17 12:22:41,670 Instabot Started
2017-04-17 12:22:42,743 Login success as ohrana228!
2017-04-17 12:25:59,054 Bot stopped. Worked: 14:25:32.770013
2017-04-17 12:25:59,056 Total requests: 1297
2017-04-17 12:26:04,004 Instabot Started
2017-04-17 12:26:05,123 Login success as ohrana228!
2017-04-17 12:26:31,469 Bot stopped. Worked: 14:26:05.184745
2017-04-17 12:26:31,471 Total requests: 1299
2017-04-17 12:26:40,712 Instabot Started
2017-04-17 12:26:41,825 Login success as ohrana228!
2017-04-17 12:27:30,852 Instabot Started
2017-04-17 12:27:31,960 Login success as ohrana228!
2017-04-17 12:28:46,710 Bot stopped. Worked: 14:28:20.425961
2017-04-17 12:28:46,713 Total requests: 1302
2017-04-17 12:28:47,089 Bot stopped. Worked: 14:28:20.805581
2017-04-17 12:28:47,092 Total requests: 1300
2017-04-17 12:29:56,721 Instabot Started
2017-04-17 12:29:57,762 Login success as ohrana228!
2017-04-17 12:35:06,003 Bot stopped. Worked: 14:34:39.719468
2017-04-17 12:35:06,005 Total requests: 1302
2017-04-17 13:50:52,754 Bot stopped. Worked: 15:50:26.470408
2017-04-17 13:50:55,767 Total requests: 1290
2017-04-17 13:50:53,818 Bot stopped. Worked: 15:50:27.534200
2017-04-17 13:50:59,827 Total requests: 1300
2017-04-17 13:51:02,431 Bot stopped. Worked: 15:50:36.146600
2017-04-17 13:51:08,593 Bot stopped. Worked: 15:50:42.308851
2017-04-17 13:51:06,187 Bot stopped. Worked: 15:50:39.902673
2017-04-17 13:51:10,893 Bot stopped. Worked: 15:50:44.609176
2017-04-17 13:51:11,598 Total requests: 1285
2017-04-17 13:51:13,897 Total requests: 1291
2017-04-17 13:51:11,869 Bot stopped. Worked: 15:50:45.584644
2017-04-17 13:51:12,193 Total requests: 1300
2017-04-17 13:51:11,441 Total requests: 1286
2017-04-17 13:51:17,876 Total requests: 1300
2017-04-17 13:51:20,808 Bot stopped. Worked: 15:50:54.524174
2017-04-17 13:51:24,299 Bot stopped. Worked: 15:50:58.014916
2017-04-17 13:51:30,307 Total requests: 1300
2017-04-17 13:51:29,820 Total requests: 1286
2017-04-17 13:51:39,238 Bot stopped. Worked: 15:51:12.954392
2017-04-17 13:51:48,250 Total requests: 1285
2017-04-17 16:41:09,184 Instabot Started
2017-04-17 16:41:10,625 Login success as ohrana228!
2017-04-17 16:48:42,095 Bot stopped. Worked: 18:48:15.810638
2017-04-17 16:48:42,104 Total requests: 1288
2017-04-17 16:48:45,296 Instabot Started
2017-04-17 16:48:46,785 Login success as ohrana228!
2017-04-17 16:49:48,652 Instabot Started
2017-04-17 16:49:49,869 Login success as ohrana228!
2017-04-17 16:51:08,693 Bot stopped. Worked: 18:50:42.409637
2017-04-17 16:51:08,697 Total requests: 1291
2017-04-17 16:51:09,090 Bot stopped. Worked: 18:50:42.806143
2017-04-17 16:51:09,094 Total requests: 1291
2017-04-17 16:51:50,940 Instabot Started
2017-04-17 16:51:52,641 Login success as ohrana228!
2017-04-17 16:52:17,837 Request return 400 error!
2017-04-17 16:52:17,840 This is a closed account.
2017-04-17 16:53:30,989 Bot stopped. Worked: 18:53:04.704898
2017-04-17 16:53:30,990 Total requests: 1333
2017-04-17 16:53:53,249 Instabot Started
2017-04-17 16:53:54,271 Login success as ohrana228!
2017-04-17 16:54:29,415 Instabot Started
2017-04-17 16:54:30,624 Login success as ohrana228!
2017-04-17 18:26:39,124 Instabot Started
2017-04-17 18:26:40,971 Request return 400 error!
2017-04-17 18:26:40,972 Login or password is incorrect.
2017-04-17 18:27:15,027 Instabot Started
2017-04-17 18:27:16,208 Login success as ohrana228!
2017-04-17 18:27:54,854 Request return 400 error!
2017-04-17 18:27:54,867 This is a closed account.
2017-04-17 18:59:24,842 Bot stopped. Worked: 20:58:58.558330
2017-04-17 18:59:24,847 Total requests: 1356
2017-04-17 18:59:26,109 Request return 400 error!
2017-04-17 18:59:26,110 Request return 400 error!
2017-04-17 18:59:26,120 This is a closed account.
2017-04-17 18:59:26,120 This is a closed account.
2017-04-17 18:59:49,192 Instabot Started
2017-04-17 18:59:50,321 Login success as ohrana228!
2017-04-17 19:00:19,116 Request return 400 error!
2017-04-17 19:00:19,133 This is a closed account.
2017-04-17 19:05:44,887 Instabot Started
2017-04-17 19:05:46,744 Login success as ohrana228!
2017-04-17 19:21:05,105 Instabot Started
2017-04-17 19:21:06,270 Login success as ohrana228!
2017-04-17 19:21:23,667 Request return 400 error!
2017-04-17 19:21:23,669 This is a closed account.
2017-04-17 19:21:39,881 Request return 400 error!
2017-04-17 19:21:39,893 This is a closed account.
2017-04-17 19:21:40,254 Request return 400 error!
2017-04-17 19:21:40,256 This is a closed account.
2017-04-17 19:21:51,778 Request return 400 error!
2017-04-17 19:21:51,790 This is a closed account.
2017-04-17 19:21:57,598 Request return 400 error!
2017-04-17 19:21:57,609 This is a closed account.
2017-04-19 00:42:34,729 Instabot Started
2017-04-19 00:42:35,572 Login success as ohrana228!
2017-04-19 00:48:34,556 Bot stopped. Worked: 2 days, 2:48:08.272134
2017-04-19 00:48:34,560 Total requests: 1415
2017-04-19 00:59:57,482 Instabot Started
2017-04-19 01:00:00,575 Login success as ohrana228!
2017-04-19 01:01:13,392 Instabot Started
2017-04-19 01:01:14,515 Login success as ohrana228!
2017-04-19 01:03:09,682 Instabot Started
2017-04-19 01:03:10,985 Login success as ohrana228!
